{\rtf1\ansi\ansicpg1252\cocoartf2822
\cocoatextscaling0\cocoaplatform0{\fonttbl\f0\fnil\fcharset0 Menlo-Bold;\f1\fnil\fcharset0 Menlo-Regular;}
{\colortbl;\red255\green255\blue255;\red47\green180\blue29;\red0\green0\blue0;\red64\green11\blue217;
\red180\green36\blue25;\red159\green160\blue28;}
{\*\expandedcolortbl;;\cssrgb\c20241\c73898\c14950;\csgray\c0;\cssrgb\c32309\c18666\c88229;
\cssrgb\c76411\c21697\c12527;\cssrgb\c68469\c68012\c14211;}
\paperw11900\paperh16840\margl1440\margr1440\vieww11520\viewh8400\viewkind0
\pard\tx560\tx1120\tx1680\tx2240\tx2800\tx3360\tx3920\tx4480\tx5040\tx5600\tx6160\tx6720\pardirnatural\partightenfactor0

\f0\b\fs22 \cf2 \CocoaLigature0 deploy@Archibald-blackant
\f1\b0 \cf3 :
\f0\b \cf4 ~/archibald-app
\f1\b0 \cf3 $ cd ~/archibald-app\
\
# Verifica che package.json sia stato aggiornato\
grep '"build":' archibald-web-app/frontend/package.json\
\
# Dovrebbe mostrare: "build": "vite build",\
# Se vedi "build": "tsc && vite build", l'rsync non ha funzionato\
\
# Rebuild\
docker compose build --no-cache\
    
\f0\b \cf5 "build":
\f1\b0 \cf3  "vite build",\
\cf6 WARN\cf3 [0000] /home/deploy/archibald-app/docker-compose.yml: the attribute `version` is obsolete, it will be ignored, please remove it to avoid potential confusion \
[+] Building 36.4s (29/32)                                                      \
\cf4  => [internal] load local bake definitions                                 0.0s\cf3 \
\cf4  => => reading from stdin 1.11kB                                           0.0s\cf3 \
\cf4  => [backend internal] load build definition from Dockerfile               0.0s\cf3 \
\cf4  => => transferring dockerfile: 1.27kB                                     0.0s\cf3 \
\cf4  => [frontend internal] load build definition from Dockerfile              0.0s\cf3 \
\cf4  => => transferring dockerfile: 707B                                       0.0s\cf3 \
\cf4  => [backend internal] load metadata for docker.io/library/node:20-alpine  0.8s\cf3 \
\cf4  => [frontend internal] load metadata for docker.io/library/nginx:alpine   0.7s\cf3 \
\cf4  => [frontend internal] load .dockerignore                                 0.0s\cf3 \
\cf4  => => transferring context: 2B                                            0.0s\cf3 \
\cf4  => [backend internal] load .dockerignore                                  0.0s\cf3 \
\cf4  => => transferring context: 2B                                            0.0s\cf3 \
\cf4  => CACHED [backend builder 1/6] FROM docker.io/library/node:20-alpine@sh  0.1s\cf3 \
\cf4  => => resolve docker.io/library/node:20-alpine@sha256:3960ed74dfe320a67b  0.0s\cf3 \
\cf4  => [frontend internal] load build context                                 0.0s\cf3 \
\cf4  => => transferring context: 6.93kB                                        0.0s\cf3 \
\cf4  => CACHED [frontend stage-1 1/3] FROM docker.io/library/nginx:alpine@sha  0.1s\cf3 \
\cf4  => => resolve docker.io/library/nginx:alpine@sha256:b0f7830b6bfaa1258f45  0.0s\cf3 \
\cf4  => [backend internal] load build context                                  0.0s\cf3 \
\cf4  => => transferring context: 4.71kB                                        0.0s\cf3 \
\cf4  => CACHED [frontend builder 2/6] WORKDIR /app                             0.0s\cf3 \
\cf4  => [backend stage-2 2/7] RUN apk add --no-cache     chromium     nss     12.2s\cf3 \
\cf4  => [frontend builder 3/6] COPY package*.json ./                           0.1s\cf3 \
\cf4  => [backend deps 3/4] COPY package*.json ./                               0.1s\cf3 \
\cf4  => [backend builder 3/6] COPY package*.json tsconfig.json ./              0.1s\cf3 \
\cf4  => [backend deps 4/4] RUN npm ci --only=production                       25.0s\cf3 \
\cf4  => [backend builder 4/6] COPY src ./src                                   0.1s\cf3 \
\cf4  => [frontend builder 4/6] RUN npm ci                                     15.8s\cf3 \
\cf4  => [backend builder 5/6] RUN npm ci                                      27.6s\cf3 \
\cf4  => [backend stage-2 3/7] WORKDIR /app                                     0.2s\cf3 \
\cf4  => [frontend builder 5/6] COPY . .                                        0.3s\cf3 \
\cf4  => [frontend builder 6/6] RUN npm run build -- --mode production         12.9s\cf3 \
\cf4  => [backend stage-2 4/7] COPY --from=deps /app/node_modules ./node_modul  1.4s\cf3 \
\cf5  => ERROR [backend builder 6/6] RUN npm run build                          7.5s\cf3 \
\cf4  => [frontend stage-1 2/3] COPY --from=builder /app/dist /usr/share/nginx  0.0s\cf3 \
\cf4  => [frontend stage-1 3/3] COPY nginx.conf /etc/nginx/conf.d/default.conf  0.0s\cf3 \
\cf4  => [frontend] exporting to image                                          0.2s\cf3 \
\cf4  => => exporting layers                                                    0.1s\cf3 \
\cf4  => => exporting manifest sha256:92eadcd2e6437bfff590ab00d34f396485dbd111  0.0s\cf3 \
\cf4  => => exporting config sha256:4d403035275019a064c393ff1e1298b1b620d37760  0.0s\cf3 \
\cf4  => => exporting attestation manifest sha256:24f679490d8f3daddef120e9c03e  0.0s\cf3 \
\cf4  => => exporting manifest list sha256:5bdbf6e9da909d0d3497d9b7307a8169285  0.0s\cf3 \
\cf4  => => naming to docker.io/library/archibald-app-frontend:latest           0.0s\cf3 \
\cf4  => => unpacking to docker.io/library/archibald-app-frontend:latest        0.0s\cf3 \
\cf4  => [frontend] resolving provenance for metadata file                      0.0s\cf3 \
------\
 > [backend builder 6/6] RUN npm run build:\
0.667 \
0.667 > archibald-backend@1.0.0 build\
0.667 > tsc\
0.667 \
7.410 src/archibald-bot.integration.test.ts(24,43): error TS2345: Argument of type '\{ customerName: string; items: \{ articleCode: string; quantity: number; price: number; \}[]; \}' is not assignable to parameter of type '\{ customerId: string; customerName: string; items: \{ price: number; articleCode: string; quantity: number; description?: string | undefined; productName?: string | undefined; discount?: number | undefined; \}[]; discountPercent?: number | undefined; targetTotalWithVAT?: number | undefined; \}'.\
7.410   Property 'customerId' is missing in type '\{ customerName: string; items: \{ articleCode: string; quantity: number; price: number; \}[]; \}' but required in type '\{ customerId: string; customerName: string; items: \{ price: number; articleCode: string; quantity: number; description?: string | undefined; productName?: string | undefined; discount?: number | undefined; \}[]; discountPercent?: number | undefined; targetTotalWithVAT?: number | undefined; \}'.\
7.410 src/archibald-bot.integration.test.ts(36,43): error TS2345: Argument of type '\{ customerName: string; items: \{ articleCode: string; quantity: number; price: number; \}[]; \}' is not assignable to parameter of type '\{ customerId: string; customerName: string; items: \{ price: number; articleCode: string; quantity: number; description?: string | undefined; productName?: string | undefined; discount?: number | undefined; \}[]; discountPercent?: number | undefined; targetTotalWithVAT?: number | undefined; \}'.\
7.410   Property 'customerId' is missing in type '\{ customerName: string; items: \{ articleCode: string; quantity: number; price: number; \}[]; \}' but required in type '\{ customerId: string; customerName: string; items: \{ price: number; articleCode: string; quantity: number; description?: string | undefined; productName?: string | undefined; discount?: number | undefined; \}[]; discountPercent?: number | undefined; targetTotalWithVAT?: number | undefined; \}'.\
7.410 src/archibald-bot.integration.test.ts(50,43): error TS2345: Argument of type '\{ customerName: string; items: \{ articleCode: string; quantity: number; price: number; \}[]; \}' is not assignable to parameter of type '\{ customerId: string; customerName: string; items: \{ price: number; articleCode: string; quantity: number; description?: string | undefined; productName?: string | undefined; discount?: number | undefined; \}[]; discountPercent?: number | undefined; targetTotalWithVAT?: number | undefined; \}'.\
7.410   Property 'customerId' is missing in type '\{ customerName: string; items: \{ articleCode: string; quantity: number; price: number; \}[]; \}' but required in type '\{ customerId: string; customerName: string; items: \{ price: number; articleCode: string; quantity: number; description?: string | undefined; productName?: string | undefined; discount?: number | undefined; \}[]; discountPercent?: number | undefined; targetTotalWithVAT?: number | undefined; \}'.\
7.410 src/archibald-bot.integration.test.ts(64,43): error TS2345: Argument of type '\{ customerName: string; items: \{ articleCode: string; quantity: number; price: number; \}[]; \}' is not assignable to parameter of type '\{ customerId: string; customerName: string; items: \{ price: number; articleCode: string; quantity: number; description?: string | undefined; productName?: string | undefined; discount?: number | undefined; \}[]; discountPercent?: number | undefined; targetTotalWithVAT?: number | undefined; \}'.\
7.410   Property 'customerId' is missing in type '\{ customerName: string; items: \{ articleCode: string; quantity: number; price: number; \}[]; \}' but required in type '\{ customerId: string; customerName: string; items: \{ price: number; articleCode: string; quantity: number; description?: string | undefined; productName?: string | undefined; discount?: number | undefined; \}[]; discountPercent?: number | undefined; targetTotalWithVAT?: number | undefined; \}'.\
7.410 src/archibald-bot.integration.test.ts(75,34): error TS2345: Argument of type '\{ customerName: string; items: \{ articleCode: string; quantity: number; price: number; \}[]; \}' is not assignable to parameter of type '\{ customerId: string; customerName: string; items: \{ price: number; articleCode: string; quantity: number; description?: string | undefined; productName?: string | undefined; discount?: number | undefined; \}[]; discountPercent?: number | undefined; targetTotalWithVAT?: number | undefined; \}'.\
7.410   Property 'customerId' is missing in type '\{ customerName: string; items: \{ articleCode: string; quantity: number; price: number; \}[]; \}' but required in type '\{ customerId: string; customerName: string; items: \{ price: number; articleCode: string; quantity: number; description?: string | undefined; productName?: string | undefined; discount?: number | undefined; \}[]; discountPercent?: number | undefined; targetTotalWithVAT?: number | undefined; \}'.\
7.411 src/archibald-bot.integration.test.ts(85,34): error TS2345: Argument of type '\{ customerName: string; items: \{ articleCode: string; quantity: number; price: number; \}[]; \}' is not assignable to parameter of type '\{ customerId: string; customerName: string; items: \{ price: number; articleCode: string; quantity: number; description?: string | undefined; productName?: string | undefined; discount?: number | undefined; \}[]; discountPercent?: number | undefined; targetTotalWithVAT?: number | undefined; \}'.\
7.411   Property 'customerId' is missing in type '\{ customerName: string; items: \{ articleCode: string; quantity: number; price: number; \}[]; \}' but required in type '\{ customerId: string; customerName: string; items: \{ price: number; articleCode: string; quantity: number; description?: string | undefined; productName?: string | undefined; discount?: number | undefined; \}[]; discountPercent?: number | undefined; targetTotalWithVAT?: number | undefined; \}'.\
7.411 src/archibald-bot.integration.test.ts(95,34): error TS2345: Argument of type '\{ customerName: string; items: \{ articleCode: string; quantity: number; price: number; \}[]; \}' is not assignable to parameter of type '\{ customerId: string; customerName: string; items: \{ price: number; articleCode: string; quantity: number; description?: string | undefined; productName?: string | undefined; discount?: number | undefined; \}[]; discountPercent?: number | undefined; targetTotalWithVAT?: number | undefined; \}'.\
7.411   Property 'customerId' is missing in type '\{ customerName: string; items: \{ articleCode: string; quantity: number; price: number; \}[]; \}' but required in type '\{ customerId: string; customerName: string; items: \{ price: number; articleCode: string; quantity: number; description?: string | undefined; productName?: string | undefined; discount?: number | undefined; \}[]; discountPercent?: number | undefined; targetTotalWithVAT?: number | undefined; \}'.\
7.411 src/archibald-bot.integration.test.ts(124,43): error TS2345: Argument of type '\{ customerName: string; items: \{ articleCode: string; quantity: number; price: number; \}[]; \}' is not assignable to parameter of type '\{ customerId: string; customerName: string; items: \{ price: number; articleCode: string; quantity: number; description?: string | undefined; productName?: string | undefined; discount?: number | undefined; \}[]; discountPercent?: number | undefined; targetTotalWithVAT?: number | undefined; \}'.\
7.411   Property 'customerId' is missing in type '\{ customerName: string; items: \{ articleCode: string; quantity: number; price: number; \}[]; \}' but required in type '\{ customerId: string; customerName: string; items: \{ price: number; articleCode: string; quantity: number; description?: string | undefined; productName?: string | undefined; discount?: number | undefined; \}[]; discountPercent?: number | undefined; targetTotalWithVAT?: number | undefined; \}'.\
7.411 src/archibald-bot.integration.test.ts(144,34): error TS2345: Argument of type '\{ customerName: string; items: \{ articleCode: string; quantity: number; price: number; \}[]; \}' is not assignable to parameter of type '\{ customerId: string; customerName: string; items: \{ price: number; articleCode: string; quantity: number; description?: string | undefined; productName?: string | undefined; discount?: number | undefined; \}[]; discountPercent?: number | undefined; targetTotalWithVAT?: number | undefined; \}'.\
7.411   Property 'customerId' is missing in type '\{ customerName: string; items: \{ articleCode: string; quantity: number; price: number; \}[]; \}' but required in type '\{ customerId: string; customerName: string; items: \{ price: number; articleCode: string; quantity: number; description?: string | undefined; productName?: string | undefined; discount?: number | undefined; \}[]; discountPercent?: number | undefined; targetTotalWithVAT?: number | undefined; \}'.\
7.411 src/archibald-bot.test.ts(9,28): error TS2345: Argument of type '\{ username: string; password: string; headless: boolean; \}' is not assignable to parameter of type 'string'.\
7.411 src/archibald-bot.ts(558,24): error TS2683: 'this' implicitly has type 'any' because it does not have a type annotation.\
7.411 src/archibald-bot.ts(684,11): error TS2584: Cannot find name 'document'. Do you need to change your target library? Try changing the 'lib' compiler option to include 'dom'.\
7.411 src/archibald-bot.ts(688,31): error TS18046: 'el' is of type 'unknown'.\
7.411 src/archibald-bot.ts(699,22): error TS2304: Cannot find name 'HTMLElement'.\
7.411 src/archibald-bot.ts(727,9): error TS2584: Cannot find name 'document'. Do you need to change your target library? Try changing the 'lib' compiler option to include 'dom'.\
7.411 src/archibald-bot.ts(734,11): error TS18046: 'el' is of type 'unknown'.\
7.411 src/archibald-bot.ts(741,28): error TS2339: Property 'parentElement' does not exist on type '\{\}'.\
7.411 src/archibald-bot.ts(750,22): error TS18046: 'img' is of type 'unknown'.\
7.411 src/archibald-bot.ts(751,23): error TS18046: 'img' is of type 'unknown'.\
7.411 src/archibald-bot.ts(752,23): error TS18046: 'img' is of type 'unknown'.\
7.411 src/archibald-bot.ts(763,13): error TS18046: 'img' is of type 'unknown'.\
7.411 src/archibald-bot.ts(771,15): error TS18046: 'table' is of type 'unknown'.\
7.411 src/archibald-bot.ts(772,13): error TS18046: 'table' is of type 'unknown'.\
7.411 src/archibald-bot.ts(779,24): error TS2339: Property 'parentElement' does not exist on type '\{\}'.\
7.411 src/archibald-bot.ts(790,29): error TS2304: Cannot find name 'HTMLElement'.\
7.411 src/archibald-bot.ts(801,31): error TS2304: Cannot find name 'HTMLElement'.\
7.411 src/archibald-bot.ts(808,24): error TS2339: Property 'parentElement' does not exist on type '\{\}'.\
7.411 src/archibald-bot.ts(812,25): error TS2304: Cannot find name 'HTMLElement'.\
7.411 src/archibald-bot.ts(835,32): error TS2304: Cannot find name 'Element'.\
7.411 src/archibald-bot.ts(844,14): error TS2304: Cannot find name 'HTMLInputElement'.\
7.411 src/archibald-bot.ts(884,26): error TS2304: Cannot find name 'HTMLElement'.\
7.411 src/archibald-bot.ts(953,11): error TS2584: Cannot find name 'document'. Do you need to change your target library? Try changing the 'lib' compiler option to include 'dom'.\
7.411 src/archibald-bot.ts(957,34): error TS2304: Cannot find name 'HTMLElement'.\
7.411 src/archibald-bot.ts(959,27): error TS18046: 'row' is of type 'unknown'.\
7.411 src/archibald-bot.ts(970,40): error TS2339: Property 'querySelector' does not exist on type '\{\}'.\
7.411 src/archibald-bot.ts(972,27): error TS2304: Cannot find name 'HTMLElement'.\
7.411 src/archibald-bot.ts(999,9): error TS2584: Cannot find name 'document'. Do you need to change your target library? Try changing the 'lib' compiler option to include 'dom'.\
7.411 src/archibald-bot.ts(1018,28): error TS2304: Cannot find name 'HTMLInputElement'.\
7.411 src/archibald-bot.ts(1022,19): error TS2304: Cannot find name 'HTMLElement'.\
7.411 src/archibald-bot.ts(1029,23): error TS2304: Cannot find name 'HTMLInputElement'.\
7.411 src/archibald-bot.ts(1030,26): error TS2304: Cannot find name 'HTMLInputElement'.\
7.411 src/archibald-bot.ts(1066,21): error TS2584: Cannot find name 'document'. Do you need to change your target library? Try changing the 'lib' compiler option to include 'dom'.\
7.411 src/archibald-bot.ts(1066,62): error TS2304: Cannot find name 'HTMLInputElement'.\
7.411 src/archibald-bot.ts(1072,35): error TS2304: Cannot find name 'MouseEvent'.\
7.411 src/archibald-bot.ts(1073,17): error TS2304: Cannot find name 'window'.\
7.411 src/archibald-bot.ts(1098,21): error TS2584: Cannot find name 'document'. Do you need to change your target library? Try changing the 'lib' compiler option to include 'dom'.\
7.411 src/archibald-bot.ts(1098,62): error TS2304: Cannot find name 'HTMLInputElement'.\
7.411 src/archibald-bot.ts(1116,58): error TS2304: Cannot find name 'fieldLabel'.\
7.411 src/archibald-bot.ts(1150,13): error TS2584: Cannot find name 'document'. Do you need to change your target library? Try changing the 'lib' compiler option to include 'dom'.\
7.411 src/archibald-bot.ts(1156,22): error TS2304: Cannot find name 'HTMLElement'.\
7.411 src/archibald-bot.ts(1157,22): error TS2304: Cannot find name 'HTMLElement'.\
7.411 src/archibald-bot.ts(1492,15): error TS2584: Cannot find name 'document'. Do you need to change your target library? Try changing the 'lib' compiler option to include 'dom'.\
7.411 src/archibald-bot.ts(1497,17): error TS18046: 'input' is of type 'unknown'.\
7.411 src/archibald-bot.ts(1498,17): error TS18046: 'input' is of type 'unknown'.\
7.411 src/archibald-bot.ts(1499,17): error TS18046: 'input' is of type 'unknown'.\
7.411 src/archibald-bot.ts(1500,17): error TS18046: 'input' is of type 'unknown'.\
7.412 src/archibald-bot.ts(1505,31): error TS2304: Cannot find name 'HTMLInputElement'.\
7.412 src/archibald-bot.ts(1506,31): error TS2304: Cannot find name 'HTMLInputElement'.\
7.412 src/archibald-bot.ts(1513,31): error TS2304: Cannot find name 'HTMLInputElement'.\
7.412 src/archibald-bot.ts(1514,31): error TS2304: Cannot find name 'HTMLInputElement'.\
7.412 src/archibald-bot.ts(1530,15): error TS2584: Cannot find name 'document'. Do you need to change your target library? Try changing the 'lib' compiler option to include 'dom'.\
7.412 src/archibald-bot.ts(1535,31): error TS2304: Cannot find name 'HTMLInputElement'.\
7.412 src/archibald-bot.ts(1536,31): error TS2304: Cannot find name 'HTMLInputElement'.\
7.412 src/archibald-bot.ts(1594,15): error TS2584: Cannot find name 'document'. Do you need to change your target library? Try changing the 'lib' compiler option to include 'dom'.\
7.412 src/archibald-bot.ts(1598,17): error TS18046: 'btn' is of type 'unknown'.\
7.412 src/archibald-bot.ts(1599,17): error TS18046: 'btn' is of type 'unknown'.\
7.412 src/archibald-bot.ts(1600,25): error TS2304: Cannot find name 'HTMLElement'.\
7.413 src/archibald-bot.ts(1603,28): error TS2304: Cannot find name 'HTMLElement'.\
7.413 src/archibald-bot.ts(1649,69): error TS2345: Argument of type 'import("/app/node_modules/puppeteer/lib/types").Cookie[]' is not assignable to parameter of type 'import("/app/node_modules/devtools-protocol/types/protocol").Protocol.Network.Cookie[]'.\
7.413   Property 'sourcePort' is missing in type 'import("/app/node_modules/puppeteer/lib/types").Cookie' but required in type 'import("/app/node_modules/devtools-protocol/types/protocol").Protocol.Network.Cookie'.\
7.413 src/archibald-bot.ts(1716,35): error TS2584: Cannot find name 'document'. Do you need to change your target library? Try changing the 'lib' compiler option to include 'dom'.\
7.413 src/archibald-bot.ts(1719,13): error TS18046: 'input' is of type 'unknown'.\
7.413 src/archibald-bot.ts(1720,13): error TS18046: 'input' is of type 'unknown'.\
7.413 src/archibald-bot.ts(1721,13): error TS18046: 'input' is of type 'unknown'.\
7.413 src/archibald-bot.ts(1722,13): error TS18046: 'input' is of type 'unknown'.\
7.413 src/archibald-bot.ts(1725,32): error TS2304: Cannot find name 'HTMLInputElement'.\
7.413 src/archibald-bot.ts(1725,70): error TS2304: Cannot find name 'HTMLInputElement'.\
7.413 src/archibald-bot.ts(1728,32): error TS2304: Cannot find name 'HTMLInputElement'.\
7.413 src/archibald-bot.ts(1728,70): error TS2304: Cannot find name 'HTMLInputElement'.\
7.413 src/archibald-bot.ts(1735,35): error TS2584: Cannot find name 'document'. Do you need to change your target library? Try changing the 'lib' compiler option to include 'dom'.\
7.413 src/archibald-bot.ts(1737,32): error TS2304: Cannot find name 'HTMLInputElement'.\
7.413 src/archibald-bot.ts(1737,70): error TS2304: Cannot find name 'HTMLInputElement'.\
7.413 src/archibald-bot.ts(1761,36): error TS2584: Cannot find name 'document'. Do you need to change your target library? Try changing the 'lib' compiler option to include 'dom'.\
7.413 src/archibald-bot.ts(1764,13): error TS18046: 'btn' is of type 'unknown'.\
7.413 src/archibald-bot.ts(1765,13): error TS18046: 'btn' is of type 'unknown'.\
7.413 src/archibald-bot.ts(1766,21): error TS2304: Cannot find name 'HTMLElement'.\
7.413 src/archibald-bot.ts(1769,24): error TS2304: Cannot find name 'HTMLElement'.\
7.413 src/archibald-bot.ts(1841,17): error TS2584: Cannot find name 'document'. Do you need to change your target library? Try changing the 'lib' compiler option to include 'dom'.\
7.413 src/archibald-bot.ts(1844,25): error TS18046: 'el' is of type 'unknown'.\
7.413 src/archibald-bot.ts(1878,27): error TS2304: Cannot find name 'window'.\
7.413 src/archibald-bot.ts(1909,15): error TS2584: Cannot find name 'document'. Do you need to change your target library? Try changing the 'lib' compiler option to include 'dom'.\
7.413 src/archibald-bot.ts(1912,36): error TS2304: Cannot find name 'HTMLInputElement'.\
7.413 src/archibald-bot.ts(1913,35): error TS2304: Cannot find name 'HTMLInputElement'.\
7.413 src/archibald-bot.ts(1926,35): error TS2304: Cannot find name 'HTMLInputElement'.\
7.413 src/archibald-bot.ts(1937,21): error TS2584: Cannot find name 'document'. Do you need to change your target library? Try changing the 'lib' compiler option to include 'dom'.\
7.413 src/archibald-bot.ts(1940,42): error TS2304: Cannot find name 'HTMLInputElement'.\
7.413 src/archibald-bot.ts(1941,41): error TS2304: Cannot find name 'HTMLInputElement'.\
7.413 src/archibald-bot.ts(1954,41): error TS2304: Cannot find name 'HTMLInputElement'.\
7.413 src/archibald-bot.ts(1963,43): error TS2584: Cannot find name 'document'. Do you need to change your target library? Try changing the 'lib' compiler option to include 'dom'.\
7.413 src/archibald-bot.ts(1965,33): error TS2304: Cannot find name 'HTMLInputElement'.\
7.413 src/archibald-bot.ts(1966,35): error TS2304: Cannot find name 'HTMLInputElement'.\
7.413 src/archibald-bot.ts(1967,42): error TS2304: Cannot find name 'HTMLInputElement'.\
7.413 src/archibald-bot.ts(1968,39): error TS2304: Cannot find name 'HTMLInputElement'.\
7.413 src/archibald-bot.ts(1969,38): error TS2304: Cannot find name 'HTMLElement'.\
7.413 src/archibald-bot.ts(1970,37): error TS2304: Cannot find name 'HTMLElement'.\
7.413 src/archibald-bot.ts(1987,41): error TS2584: Cannot find name 'document'. Do you need to change your target library? Try changing the 'lib' compiler option to include 'dom'.\
7.413 src/archibald-bot.ts(1989,31): error TS2304: Cannot find name 'HTMLInputElement'.\
7.413 src/archibald-bot.ts(1990,33): error TS2304: Cannot find name 'HTMLInputElement'.\
7.413 src/archibald-bot.ts(1991,40): error TS2304: Cannot find name 'HTMLInputElement'.\
7.413 src/archibald-bot.ts(1992,37): error TS2304: Cannot find name 'HTMLInputElement'.\
7.413 src/archibald-bot.ts(1993,36): error TS2304: Cannot find name 'HTMLElement'.\
7.413 src/archibald-bot.ts(1994,35): error TS2304: Cannot find name 'HTMLElement'.\
7.413 src/archibald-bot.ts(2056,33): error TS2584: Cannot find name 'document'. Do you need to change your target library? Try changing the 'lib' compiler option to include 'dom'.\
7.413 src/archibald-bot.ts(2058,24): error TS2304: Cannot find name 'HTMLInputElement'.\
7.413 src/archibald-bot.ts(2085,34): error TS2304: Cannot find name 'HTMLElement'.\
7.413 src/archibald-bot.ts(2119,29): error TS2584: Cannot find name 'document'. Do you need to change your target library? Try changing the 'lib' compiler option to include 'dom'.\
7.413 src/archibald-bot.ts(2121,20): error TS2304: Cannot find name 'HTMLInputElement'.\
7.413 src/archibald-bot.ts(2149,17): error TS2584: Cannot find name 'document'. Do you need to change your target library? Try changing the 'lib' compiler option to include 'dom'.\
7.413 src/archibald-bot.ts(2152,35): error TS2304: Cannot find name 'HTMLElement'.\
7.413 src/archibald-bot.ts(2169,21): error TS2584: Cannot find name 'document'. Do you need to change your target library? Try changing the 'lib' compiler option to include 'dom'.\
7.413 src/archibald-bot.ts(2172,39): error TS2304: Cannot find name 'HTMLElement'.\
7.413 src/archibald-bot.ts(2181,56): error TS2304: Cannot find name 'HTMLElement'.\
7.413 src/archibald-bot.ts(2184,26): error TS2304: Cannot find name 'HTMLElement'.\
7.413 src/archibald-bot.ts(2205,19): error TS2584: Cannot find name 'document'. Do you need to change your target library? Try changing the 'lib' compiler option to include 'dom'.\
7.413 src/archibald-bot.ts(2208,37): error TS2304: Cannot find name 'HTMLElement'.\
7.413 src/archibald-bot.ts(2219,52): error TS2304: Cannot find name 'HTMLElement'.\
7.413 src/archibald-bot.ts(2220,67): error TS2304: Cannot find name 'HTMLElement'.\
7.413 src/archibald-bot.ts(2259,19): error TS2584: Cannot find name 'document'. Do you need to change your target library? Try changing the 'lib' compiler option to include 'dom'.\
7.413 src/archibald-bot.ts(2263,31): error TS2304: Cannot find name 'HTMLElement'.\
7.413 src/archibald-bot.ts(2264,31): error TS2304: Cannot find name 'HTMLElement'.\
7.413 src/archibald-bot.ts(2295,15): error TS2584: Cannot find name 'document'. Do you need to change your target library? Try changing the 'lib' compiler option to include 'dom'.\
7.413 src/archibald-bot.ts(2298,44): error TS2304: Cannot find name 'HTMLElement'.\
7.413 src/archibald-bot.ts(2309,15): error TS2584: Cannot find name 'document'. Do you need to change your target library? Try changing the 'lib' compiler option to include 'dom'.\
7.413 src/archibald-bot.ts(2312,35): error TS2304: Cannot find name 'HTMLImageElement'.\
7.413 src/archibald-bot.ts(2314,32): error TS18046: 'img' is of type 'unknown'.\
7.413 src/archibald-bot.ts(2328,15): error TS2584: Cannot find name 'document'. Do you need to change your target library? Try changing the 'lib' compiler option to include 'dom'.\
7.413 src/archibald-bot.ts(2331,26): error TS18046: 'link' is of type 'unknown'.\
7.413 src/archibald-bot.ts(2386,40): error TS7006: Parameter 'el' implicitly has an 'any' type.\
7.413 src/archibald-bot.ts(2387,20): error TS2304: Cannot find name 'HTMLElement'.\
7.413 src/archibald-bot.ts(2402,19): error TS2584: Cannot find name 'document'. Do you need to change your target library? Try changing the 'lib' compiler option to include 'dom'.\
7.414 src/archibald-bot.ts(2405,40): error TS2304: Cannot find name 'HTMLInputElement'.\
7.414 src/archibald-bot.ts(2426,15): error TS2584: Cannot find name 'document'. Do you need to change your target library? Try changing the 'lib' compiler option to include 'dom'.\
7.414 src/archibald-bot.ts(2429,36): error TS2304: Cannot find name 'HTMLInputElement'.\
7.414 src/archibald-bot.ts(2504,17): error TS2584: Cannot find name 'document'. Do you need to change your target library? Try changing the 'lib' compiler option to include 'dom'.\
7.414 src/archibald-bot.ts(2509,38): error TS2304: Cannot find name 'HTMLInputElement'.\
7.414 src/archibald-bot.ts(2510,41): error TS2304: Cannot find name 'HTMLInputElement'.\
7.414 src/archibald-bot.ts(2515,29): error TS2304: Cannot find name 'HTMLElement'.\
7.414 src/archibald-bot.ts(2523,39): error TS2304: Cannot find name 'HTMLInputElement'.\
7.414 src/archibald-bot.ts(2524,42): error TS2304: Cannot find name 'HTMLInputElement'.\
7.414 src/archibald-bot.ts(2530,41): error TS2304: Cannot find name 'HTMLInputElement'.\
7.414 src/archibald-bot.ts(2531,38): error TS2304: Cannot find name 'HTMLInputElement'.\
7.414 src/archibald-bot.ts(2536,29): error TS2304: Cannot find name 'HTMLElement'.\
7.414 src/archibald-bot.ts(2544,35): error TS2304: Cannot find name 'HTMLInputElement'.\
7.414 src/archibald-bot.ts(2545,38): error TS2304: Cannot find name 'HTMLInputElement'.\
7.414 src/archibald-bot.ts(2551,38): error TS2304: Cannot find name 'HTMLInputElement'.\
7.414 src/archibald-bot.ts(2552,41): error TS2304: Cannot find name 'HTMLInputElement'.\
7.414 src/archibald-bot.ts(2560,29): error TS2304: Cannot find name 'HTMLElement'.\
7.414 src/archibald-bot.ts(2561,30): error TS2304: Cannot find name 'HTMLInputElement'.\
7.414 src/archibald-bot.ts(2569,47): error TS2304: Cannot find name 'HTMLInputElement'.\
7.414 src/archibald-bot.ts(2570,50): error TS2304: Cannot find name 'HTMLInputElement'.\
7.414 src/archibald-bot.ts(2616,24): error TS2304: Cannot find name 'HTMLElement'.\
7.414 src/archibald-bot.ts(2637,21): error TS2584: Cannot find name 'document'. Do you need to change your target library? Try changing the 'lib' compiler option to include 'dom'.\
7.414 src/archibald-bot.ts(2640,34): error TS2304: Cannot find name 'HTMLElement'.\
7.414 src/archibald-bot.ts(2682,17): error TS2584: Cannot find name 'document'. Do you need to change your target library? Try changing the 'lib' compiler option to include 'dom'.\
7.414 src/archibald-bot.ts(2687,38): error TS2304: Cannot find name 'HTMLInputElement'.\
7.414 src/archibald-bot.ts(2691,29): error TS2304: Cannot find name 'HTMLElement'.\
7.414 src/archibald-bot.ts(2696,45): error TS2304: Cannot find name 'HTMLInputElement'.\
7.414 src/archibald-bot.ts(2701,38): error TS2304: Cannot find name 'HTMLInputElement'.\
7.414 src/archibald-bot.ts(2705,29): error TS2304: Cannot find name 'HTMLElement'.\
7.414 src/archibald-bot.ts(2710,40): error TS2304: Cannot find name 'HTMLInputElement'.\
7.414 src/archibald-bot.ts(2715,41): error TS2304: Cannot find name 'HTMLInputElement'.\
7.414 src/archibald-bot.ts(2716,38): error TS2304: Cannot find name 'HTMLInputElement'.\
7.414 src/archibald-bot.ts(2721,29): error TS2304: Cannot find name 'HTMLElement'.\
7.414 src/archibald-bot.ts(2725,44): error TS2304: Cannot find name 'HTMLInputElement'.\
7.414 src/archibald-bot.ts(2756,35): error TS2584: Cannot find name 'document'. Do you need to change your target library? Try changing the 'lib' compiler option to include 'dom'.\
7.414 src/archibald-bot.ts(2758,26): error TS2304: Cannot find name 'HTMLInputElement'.\
7.414 src/archibald-bot.ts(2785,36): error TS2304: Cannot find name 'HTMLElement'.\
7.414 src/archibald-bot.ts(2816,15): error TS2345: Argument of type '(selector: string, expectedValue: string) => any' is not assignable to parameter of type 'string | EvaluateFunc<[string | null, string]>'.\
7.414   Type '(selector: string, expectedValue: string) => any' is not assignable to type 'EvaluateFunc<[string | null, string]>'.\
7.414     Types of parameters 'selector' and 'params_0' are incompatible.\
7.414       Type 'string | null' is not assignable to type 'string'.\
7.414         Type 'null' is not assignable to type 'string'.\
7.414 src/archibald-bot.ts(2817,31): error TS2584: Cannot find name 'document'. Do you need to change your target library? Try changing the 'lib' compiler option to include 'dom'.\
7.414 src/archibald-bot.ts(2819,22): error TS2304: Cannot find name 'HTMLInputElement'.\
7.414 src/archibald-bot.ts(2841,41): error TS2584: Cannot find name 'document'. Do you need to change your target library? Try changing the 'lib' compiler option to include 'dom'.\
7.414 src/archibald-bot.ts(2843,31): error TS2304: Cannot find name 'HTMLElement'.\
7.414 src/archibald-bot.ts(2845,41): error TS18046: 'table' is of type 'unknown'.\
7.414 src/archibald-bot.ts(2848,44): error TS18046: 'row' is of type 'unknown'.\
7.414 src/archibald-bot.ts(2852,36): error TS18046: 'cell' is of type 'unknown'.\
7.414 src/archibald-bot.ts(2908,21): error TS2584: Cannot find name 'document'. Do you need to change your target library? Try changing the 'lib' compiler option to include 'dom'.\
7.414 src/archibald-bot.ts(2911,38): error TS2304: Cannot find name 'HTMLElement'.\
7.414 src/archibald-bot.ts(2918,46): error TS18046: 'row' is of type 'unknown'.\
7.414 src/archibald-bot.ts(2922,33): error TS18046: 'cell' is of type 'unknown'.\
7.414 src/archibald-bot.ts(2946,39): error TS2304: Cannot find name 'HTMLElement'.\
7.414 src/archibald-bot.ts(2972,43): error TS2584: Cannot find name 'document'. Do you need to change your target library? Try changing the 'lib' compiler option to include 'dom'.\
7.414 src/archibald-bot.ts(2974,31): error TS18046: 'img' is of type 'unknown'.\
7.414 src/archibald-bot.ts(2975,37): error TS18046: 'img' is of type 'unknown'.\
7.414 src/archibald-bot.ts(2979,36): error TS18046: 'img' is of type 'unknown'.\
7.414 src/archibald-bot.ts(2999,47): error TS2584: Cannot find name 'document'. Do you need to change your target library? Try changing the 'lib' compiler option to include 'dom'.\
7.414 src/archibald-bot.ts(3001,43): error TS2304: Cannot find name 'HTMLElement'.\
7.414 src/archibald-bot.ts(3002,45): error TS2304: Cannot find name 'HTMLElement'.\
7.414 src/archibald-bot.ts(3011,62): error TS2304: Cannot find name 'HTMLElement'.\
7.414 src/archibald-bot.ts(3016,35): error TS2304: Cannot find name 'HTMLElement'.\
7.414 src/archibald-bot.ts(3036,43): error TS2584: Cannot find name 'document'. Do you need to change your target library? Try changing the 'lib' compiler option to include 'dom'.\
7.414 src/archibald-bot.ts(3038,31): error TS18046: 'img' is of type 'unknown'.\
7.414 src/archibald-bot.ts(3039,37): error TS18046: 'img' is of type 'unknown'.\
7.414 src/archibald-bot.ts(3042,36): error TS18046: 'img' is of type 'unknown'.\
7.415 src/archibald-bot.ts(3049,36): error TS2304: Cannot find name 'HTMLElement'.\
7.415 src/archibald-bot.ts(3057,47): error TS2584: Cannot find name 'document'. Do you need to change your target library? Try changing the 'lib' compiler option to include 'dom'.\
7.415 src/archibald-bot.ts(3059,43): error TS2304: Cannot find name 'HTMLElement'.\
7.415 src/archibald-bot.ts(3060,45): error TS2304: Cannot find name 'HTMLElement'.\
7.415 src/archibald-bot.ts(3066,62): error TS2304: Cannot find name 'HTMLElement'.\
7.415 src/archibald-bot.ts(3067,29): error TS2304: Cannot find name 'HTMLElement'.\
7.415 src/archibald-bot.ts(3107,18): error TS2339: Property 'articleId' does not exist on type '\{ price: number; articleCode: string; quantity: number; description?: string | undefined; productName?: string | undefined; discount?: number | undefined; \}'.\
7.415 src/archibald-bot.ts(3108,18): error TS2339: Property 'packageContent' does not exist on type '\{ price: number; articleCode: string; quantity: number; description?: string | undefined; productName?: string | undefined; discount?: number | undefined; \}'.\
7.415 src/archibald-bot.ts(3182,58): error TS2345: Argument of type 'number | undefined' is not assignable to parameter of type 'string | number'.\
7.415   Type 'undefined' is not assignable to type 'string | number'.\
7.415 src/archibald-bot.ts(3201,17): error TS2584: Cannot find name 'document'. Do you need to change your target library? Try changing the 'lib' compiler option to include 'dom'.\
7.415 src/archibald-bot.ts(3207,38): error TS2304: Cannot find name 'HTMLElement'.\
7.415 src/archibald-bot.ts(3213,17): error TS2584: Cannot find name 'document'. Do you need to change your target library? Try changing the 'lib' compiler option to include 'dom'.\
7.415 src/archibald-bot.ts(3216,37): error TS2304: Cannot find name 'HTMLImageElement'.\
7.415 src/archibald-bot.ts(3218,34): error TS18046: 'img' is of type 'unknown'.\
7.415 src/archibald-bot.ts(3231,17): error TS2584: Cannot find name 'document'. Do you need to change your target library? Try changing the 'lib' compiler option to include 'dom'.\
7.415 src/archibald-bot.ts(3234,28): error TS18046: 'link' is of type 'unknown'.\
7.415 src/archibald-bot.ts(3268,32): error TS2584: Cannot find name 'document'. Do you need to change your target library? Try changing the 'lib' compiler option to include 'dom'.\
7.415 src/archibald-bot.ts(3270,22): error TS2304: Cannot find name 'HTMLElement'.\
7.415 src/archibald-bot.ts(3288,29): error TS2584: Cannot find name 'document'. Do you need to change your target library? Try changing the 'lib' compiler option to include 'dom'.\
7.415 src/archibald-bot.ts(3290,22): error TS2304: Cannot find name 'HTMLElement'.\
7.415 src/archibald-bot.ts(3307,32): error TS2584: Cannot find name 'document'. Do you need to change your target library? Try changing the 'lib' compiler option to include 'dom'.\
7.415 src/archibald-bot.ts(3309,22): error TS2304: Cannot find name 'HTMLElement'.\
7.415 src/archibald-bot.ts(3351,23): error TS2584: Cannot find name 'document'. Do you need to change your target library? Try changing the 'lib' compiler option to include 'dom'.\
7.415 src/archibald-bot.ts(3369,23): error TS2584: Cannot find name 'document'. Do you need to change your target library? Try changing the 'lib' compiler option to include 'dom'.\
7.415 src/archibald-bot.ts(3392,19): error TS2584: Cannot find name 'document'. Do you need to change your target library? Try changing the 'lib' compiler option to include 'dom'.\
7.415 src/archibald-bot.ts(3396,63): error TS2304: Cannot find name 'HTMLElement'.\
7.415 src/archibald-bot.ts(3400,38): error TS2304: Cannot find name 'HTMLElement'.\
7.415 src/archibald-bot.ts(3413,38): error TS2304: Cannot find name 'HTMLElement'.\
7.415 src/archibald-bot.ts(3426,19): error TS2584: Cannot find name 'document'. Do you need to change your target library? Try changing the 'lib' compiler option to include 'dom'.\
7.415 src/archibald-bot.ts(3429,39): error TS2304: Cannot find name 'HTMLImageElement'.\
7.415 src/archibald-bot.ts(3431,36): error TS18046: 'img' is of type 'unknown'.\
7.416 src/archibald-bot.ts(3483,28): error TS2304: Cannot find name 'HTMLElement'.\
7.416 src/archibald-bot.ts(3499,50): error TS7006: Parameter 'el' implicitly has an 'any' type.\
7.416 src/archibald-bot.ts(3500,30): error TS2304: Cannot find name 'HTMLElement'.\
7.416 src/archibald-bot.ts(3523,23): error TS2584: Cannot find name 'document'. Do you need to change your target library? Try changing the 'lib' compiler option to include 'dom'.\
7.416 src/archibald-bot.ts(3526,44): error TS2304: Cannot find name 'HTMLInputElement'.\
7.416 src/archibald-bot.ts(3572,15): error TS2584: Cannot find name 'document'. Do you need to change your target library? Try changing the 'lib' compiler option to include 'dom'.\
7.416 src/archibald-bot.ts(3577,42): error TS2304: Cannot find name 'HTMLInputElement'.\
7.416 src/archibald-bot.ts(3624,43): error TS2584: Cannot find name 'document'. Do you need to change your target library? Try changing the 'lib' compiler option to include 'dom'.\
7.416 src/archibald-bot.ts(3627,30): error TS18046: 'element' is of type 'unknown'.\
7.416 src/archibald-bot.ts(3630,39): error TS18046: 'element' is of type 'unknown'.\
7.416 src/archibald-bot.ts(3630,75): error TS18046: 'element' is of type 'unknown'.\
7.416 src/archibald-bot.ts(3631,54): error TS2304: Cannot find name 'HTMLElement'.\
7.416 src/archibald-bot.ts(3632,37): error TS2304: Cannot find name 'HTMLElement'.\
7.416 src/archibald-bot.ts(3639,39): error TS2584: Cannot find name 'document'. Do you need to change your target library? Try changing the 'lib' compiler option to include 'dom'.\
7.416 src/archibald-bot.ts(3641,30): error TS18046: 'tab' is of type 'unknown'.\
7.416 src/archibald-bot.ts(3642,30): error TS18046: 'tab' is of type 'unknown'.\
7.416 src/archibald-bot.ts(3646,40): error TS2304: Cannot find name 'HTMLElement'.\
7.416 src/archibald-bot.ts(3647,30): error TS2304: Cannot find name 'HTMLElement'.\
7.416 src/archibald-bot.ts(3666,17): error TS2584: Cannot find name 'document'. Do you need to change your target library? Try changing the 'lib' compiler option to include 'dom'.\
7.416 src/archibald-bot.ts(3667,20): error TS2304: Cannot find name 'HTMLInputElement'.\
7.416 src/archibald-bot.ts(3732,39): error TS18048: 'orderData.discountPercent' is possibly 'undefined'.\
7.416 src/archibald-bot.ts(3757,15): error TS2584: Cannot find name 'document'. Do you need to change your target library? Try changing the 'lib' compiler option to include 'dom'.\
7.416 src/archibald-bot.ts(3760,28): error TS18046: 'el' is of type 'unknown'.\
7.416 src/archibald-bot.ts(3767,39): error TS2339: Property 'parentElement' does not exist on type '\{\}'.\
7.416 src/archibald-bot.ts(3774,25): error TS2304: Cannot find name 'HTMLElement'.\
7.416 src/archibald-bot.ts(3779,28): error TS2304: Cannot find name 'HTMLElement'.\
7.416 src/archibald-bot.ts(3853,18): error TS2554: Expected 3-4 arguments, but got 2.\
7.416 src/archibald-bot.ts(3869,15): error TS2584: Cannot find name 'document'. Do you need to change your target library? Try changing the 'lib' compiler option to include 'dom'.\
7.416 src/archibald-bot.ts(3872,23): error TS18046: 'el' is of type 'unknown'.\
7.416 src/archibald-bot.ts(3882,18): error TS2554: Expected 3-4 arguments, but got 2.\
7.416 src/archibald-bot.ts(3901,18): error TS2554: Expected 3-4 arguments, but got 2.\
7.416 src/archibald-bot.ts(3906,33): error TS2531: Object is possibly 'null'.\
7.416 src/archibald-bot.ts(3908,13): error TS2584: Cannot find name 'document'. Do you need to change your target library? Try changing the 'lib' compiler option to include 'dom'.\
7.416 src/archibald-bot.ts(3912,29): error TS2304: Cannot find name 'HTMLInputElement'.\
7.416 src/archibald-bot.ts(3913,31): error TS2304: Cannot find name 'HTMLInputElement'.\
7.416 src/archibald-bot.ts(3914,38): error TS2304: Cannot find name 'HTMLInputElement'.\
7.416 src/archibald-bot.ts(3915,32): error TS2304: Cannot find name 'HTMLInputElement'.\
7.416 src/archibald-bot.ts(3916,34): error TS2304: Cannot find name 'HTMLElement'.\
7.417 src/archibald-bot.ts(3928,45): error TS2531: Object is possibly 'null'.\
7.417 src/archibald-bot.ts(3930,13): error TS2584: Cannot find name 'document'. Do you need to change your target library? Try changing the 'lib' compiler option to include 'dom'.\
7.417 src/archibald-bot.ts(3935,34): error TS2304: Cannot find name 'HTMLInputElement'.\
7.417 src/archibald-bot.ts(3936,36): error TS2304: Cannot find name 'HTMLInputElement'.\
7.417 src/archibald-bot.ts(3951,47): error TS2304: Cannot find name 'HTMLInputElement'.\
7.417 src/archibald-bot.ts(4000,32): error TS2531: Object is possibly 'null'.\
7.417 src/archibald-bot.ts(4010,42): error TS2531: Object is possibly 'null'.\
7.417 src/archibald-bot.ts(4010,52): error TS2339: Property '$x' does not exist on type 'Page'.\
7.417 src/archibald-bot.ts(4043,31): error TS2584: Cannot find name 'document'. Do you need to change your target library? Try changing the 'lib' compiler option to include 'dom'.\
7.417 src/archibald-bot.ts(4045,22): error TS2304: Cannot find name 'HTMLInputElement'.\
7.417 src/archibald-bot.ts(4072,32): error TS2304: Cannot find name 'HTMLElement'.\
7.417 src/archibald-bot.ts(4101,27): error TS2584: Cannot find name 'document'. Do you need to change your target library? Try changing the 'lib' compiler option to include 'dom'.\
7.417 src/archibald-bot.ts(4101,63): error TS2304: Cannot find name 'HTMLInputElement'.\
7.417 src/archibald-bot.ts(4139,55): error TS2304: Cannot find name 'HTMLElement'.\
7.417 src/archibald-bot.ts(4151,27): error TS2584: Cannot find name 'document'. Do you need to change your target library? Try changing the 'lib' compiler option to include 'dom'.\
7.417 src/archibald-bot.ts(4153,18): error TS2304: Cannot find name 'HTMLElement'.\
7.417 src/archibald-bot.ts(4178,18): error TS2554: Expected 3-4 arguments, but got 2.\
7.417 src/archibald-bot.ts(4199,20): error TS2554: Expected 3-4 arguments, but got 2.\
7.417 src/archibald-bot.ts(4210,43): error TS2531: Object is possibly 'null'.\
7.417 src/archibald-bot.ts(4213,15): error TS2584: Cannot find name 'document'. Do you need to change your target library? Try changing the 'lib' compiler option to include 'dom'.\
7.417 src/archibald-bot.ts(4213,41): error TS2304: Cannot find name 'HTMLImageElement'.\
7.417 src/archibald-bot.ts(4217,31): error TS18046: 'el' is of type 'unknown'.\
7.417 src/archibald-bot.ts(4219,17): error TS18046: 'el' is of type 'unknown'.\
7.417 src/archibald-bot.ts(4219,48): error TS18046: 'el' is of type 'unknown'.\
7.417 src/archibald-bot.ts(4222,17): error TS18046: 'el' is of type 'unknown'.\
7.417 src/archibald-bot.ts(4222,45): error TS18046: 'el' is of type 'unknown'.\
7.417 src/archibald-bot.ts(4228,15): error TS18046: 'btn' is of type 'unknown'.\
7.417 src/archibald-bot.ts(4235,15): error TS2584: Cannot find name 'document'. Do you need to change your target library? Try changing the 'lib' compiler option to include 'dom'.\
7.417 src/archibald-bot.ts(4235,41): error TS2304: Cannot find name 'HTMLImageElement'.\
7.418 src/archibald-bot.ts(4239,31): error TS18046: 'img' is of type 'unknown'.\
7.418 src/archibald-bot.ts(4240,29): error TS18046: 'img' is of type 'unknown'.\
7.418 src/archibald-bot.ts(4240,52): error TS18046: 'img' is of type 'unknown'.\
7.418 src/archibald-bot.ts(4245,15): error TS2571: Object is of type 'unknown'.\
7.418 src/archibald-bot.ts(4268,34): error TS2584: Cannot find name 'document'. Do you need to change your target library? Try changing the 'lib' compiler option to include 'dom'.\
7.418 src/archibald-bot.ts(4291,20): error TS2554: Expected 3-4 arguments, but got 2.\
7.418 src/archibald-bot.ts(4300,15): error TS2584: Cannot find name 'document'. Do you need to change your target library? Try changing the 'lib' compiler option to include 'dom'.\
7.418 src/archibald-bot.ts(4307,32): error TS2304: Cannot find name 'HTMLElement'.\
7.418 src/archibald-bot.ts(4308,32): error TS2304: Cannot find name 'HTMLElement'.\
7.418 src/archibald-bot.ts(4321,25): error TS2304: Cannot find name 'HTMLElement'.\
7.418 src/archibald-bot.ts(4327,38): error TS2304: Cannot find name 'HTMLInputElement'.\
7.418 src/archibald-bot.ts(4342,15): error TS2584: Cannot find name 'document'. Do you need to change your target library? Try changing the 'lib' compiler option to include 'dom'.\
7.418 src/archibald-bot.ts(4381,13): error TS7034: Variable 'popupContainer' implicitly has type 'any' in some locations where its type cannot be determined.\
7.418 src/archibald-bot.ts(4382,13): error TS7034: Variable 'searchInput' implicitly has type 'any' in some locations where its type cannot be determined.\
7.418 src/archibald-bot.ts(4384,20): error TS2554: Expected 3-4 arguments, but got 2.\
7.418 src/archibald-bot.ts(4393,33): error TS2531: Object is possibly 'null'.\
7.418 src/archibald-bot.ts(4396,40): error TS2531: Object is possibly 'null'.\
7.418 src/archibald-bot.ts(4401,34): error TS2531: Object is possibly 'null'.\
7.418 src/archibald-bot.ts(4435,38): error TS2531: Object is possibly 'null'.\
7.418 src/archibald-bot.ts(4436,27): error TS2584: Cannot find name 'document'. Do you need to change your target library? Try changing the 'lib' compiler option to include 'dom'.\
7.418 src/archibald-bot.ts(4448,37): error TS2304: Cannot find name 'Element'.\
7.418 src/archibald-bot.ts(4449,15): error TS2584: Cannot find name 'document'. Do you need to change your target library? Try changing the 'lib' compiler option to include 'dom'.\
7.418 src/archibald-bot.ts(4450,15): error TS2584: Cannot find name 'document'. Do you need to change your target library? Try changing the 'lib' compiler option to include 'dom'.\
7.418 src/archibald-bot.ts(4454,15): error TS2584: Cannot find name 'document'. Do you need to change your target library? Try changing the 'lib' compiler option to include 'dom'.\
7.418 src/archibald-bot.ts(4462,22): error TS2304: Cannot find name 'HTMLElement'.\
7.418 src/archibald-bot.ts(4483,35): error TS2531: Object is possibly 'null'.\
7.418 src/archibald-bot.ts(4590,44): error TS2531: Object is possibly 'null'.\
7.418 src/archibald-bot.ts(4599,32): error TS2304: Cannot find name 'HTMLElement'.\
7.418 src/archibald-bot.ts(4656,20): error TS2531: Object is possibly 'null'.\
7.418 src/archibald-bot.ts(4657,20): error TS2531: Object is possibly 'null'.\
7.418 src/archibald-bot.ts(4658,20): error TS2531: Object is possibly 'null'.\
7.418 src/archibald-bot.ts(4662,20): error TS2554: Expected 3-4 arguments, but got 2.\
7.418 src/archibald-bot.ts(4675,21): error TS2531: Object is possibly 'null'.\
7.418 src/archibald-bot.ts(4680,35): error TS2531: Object is possibly 'null'.\
7.418 src/archibald-bot.ts(4691,16): error TS7005: Variable 'searchInput' implicitly has an 'any' type.\
7.418 src/archibald-bot.ts(4692,32): error TS7005: Variable 'popupContainer' implicitly has an 'any' type.\
7.418 src/archibald-bot.ts(4694,23): error TS2531: Object is possibly 'null'.\
7.418 src/archibald-bot.ts(4697,54): error TS7006: Parameter 'el' implicitly has an 'any' type.\
7.418 src/archibald-bot.ts(4698,37): error TS2304: Cannot find name 'HTMLInputElement'.\
7.418 src/archibald-bot.ts(4702,43): error TS2304: Cannot find name 'HTMLElement'.\
7.418 src/archibald-bot.ts(4720,16): error TS7005: Variable 'searchInput' implicitly has an 'any' type.\
7.418 src/archibald-bot.ts(4729,20): error TS2554: Expected 3-4 arguments, but got 2.\
7.418 src/archibald-bot.ts(4730,16): error TS7005: Variable 'searchInput' implicitly has an 'any' type.\
7.418 src/archibald-bot.ts(4759,61): error TS7006: Parameter 'el' implicitly has an 'any' type.\
7.418 src/archibald-bot.ts(4760,34): error TS2304: Cannot find name 'HTMLInputElement'.\
7.418 src/archibald-bot.ts(4770,31): error TS2584: Cannot find name 'document'. Do you need to change your target library? Try changing the 'lib' compiler option to include 'dom'.\
7.418 src/archibald-bot.ts(4772,22): error TS2304: Cannot find name 'HTMLInputElement'.\
7.418 src/archibald-bot.ts(4807,20): error TS2554: Expected 3-4 arguments, but got 2.\
7.418 src/archibald-bot.ts(4815,61): error TS2304: Cannot find name 'Element'.\
7.418 src/archibald-bot.ts(4817,27): error TS7005: Variable 'popupContainer' implicitly has an 'any' type.\
7.418 src/archibald-bot.ts(4819,23): error TS2531: Object is possibly 'null'.\
7.418 src/archibald-bot.ts(4836,31): error TS2304: Cannot find name 'selectedVariant'.\
7.418 src/archibald-bot.ts(4849,29): error TS2304: Cannot find name 'selectedVariant'.\
7.418 src/archibald-bot.ts(4850,68): error TS2304: Cannot find name 'selectedVariant'.\
7.418 src/archibald-bot.ts(4855,41): error TS2304: Cannot find name 'selectedVariant'.\
7.418 src/archibald-bot.ts(4890,28): error TS2304: Cannot find name 'HTMLElement'.\
7.418 src/archibald-bot.ts(4906,31): error TS2584: Cannot find name 'document'. Do you need to change your target library? Try changing the 'lib' compiler option to include 'dom'.\
7.418 src/archibald-bot.ts(4908,22): error TS2304: Cannot find name 'HTMLElement'.\
7.418 src/archibald-bot.ts(4924,16): error TS2339: Property 'articleId' does not exist on type '\{ price: number; articleCode: string; quantity: number; description?: string | undefined; productName?: string | undefined; discount?: number | undefined; \}'.\
7.418 src/archibald-bot.ts(4924,28): error TS2304: Cannot find name 'selectedVariant'.\
7.418 src/archibald-bot.ts(4925,16): error TS2339: Property 'packageContent' does not exist on type '\{ price: number; articleCode: string; quantity: number; description?: string | undefined; productName?: string | undefined; discount?: number | undefined; \}'.\
7.418 src/archibald-bot.ts(4925,33): error TS2304: Cannot find name 'selectedVariant'.\
7.418 src/archibald-bot.ts(4926,24): error TS2304: Cannot find name 'selectedVariant'.\
7.418 src/archibald-bot.ts(4930,29): error TS2339: Property 'articleId' does not exist on type '\{ price: number; articleCode: string; quantity: number; description?: string | undefined; productName?: string | undefined; discount?: number | undefined; \}'.\
7.418 src/archibald-bot.ts(4931,34): error TS2339: Property 'packageContent' does not exist on type '\{ price: number; articleCode: string; quantity: number; description?: string | undefined; productName?: string | undefined; discount?: number | undefined; \}'.\
7.418 src/archibald-bot.ts(4942,20): error TS2554: Expected 3-4 arguments, but got 2.\
7.418 src/archibald-bot.ts(4949,19): error TS2531: Object is possibly 'null'.\
7.418 src/archibald-bot.ts(4952,19): error TS2584: Cannot find name 'document'. Do you need to change your target library? Try changing the 'lib' compiler option to include 'dom'.\
7.418 src/archibald-bot.ts(4958,28): error TS2304: Cannot find name 'HTMLElement'.\
7.418 src/archibald-bot.ts(4959,28): error TS2304: Cannot find name 'HTMLElement'.\
7.418 src/archibald-bot.ts(4979,13): error TS7034: Variable 'quantityInput' implicitly has type 'any' in some locations where its type cannot be determined.\
7.418 src/archibald-bot.ts(4981,20): error TS2554: Expected 3-4 arguments, but got 2.\
7.418 src/archibald-bot.ts(4988,15): error TS2584: Cannot find name 'document'. Do you need to change your target library? Try changing the 'lib' compiler option to include 'dom'.\
7.418 src/archibald-bot.ts(4994,32): error TS2304: Cannot find name 'HTMLElement'.\
7.418 src/archibald-bot.ts(4995,32): error TS2304: Cannot find name 'HTMLElement'.\
7.418 src/archibald-bot.ts(5026,15): error TS2584: Cannot find name 'document'. Do you need to change your target library? Try changing the 'lib' compiler option to include 'dom'.\
7.418 src/archibald-bot.ts(5061,20): error TS2554: Expected 3-4 arguments, but got 2.\
7.418 src/archibald-bot.ts(5114,20): error TS2554: Expected 3-4 arguments, but got 2.\
7.418 src/archibald-bot.ts(5115,16): error TS7005: Variable 'quantityInput' implicitly has an 'any' type.\
7.418 src/archibald-bot.ts(5120,17): error TS2531: Object is possibly 'null'.\
7.418 src/archibald-bot.ts(5121,17): error TS2531: Object is possibly 'null'.\
7.418 src/archibald-bot.ts(5122,17): error TS2531: Object is possibly 'null'.\
7.418 src/archibald-bot.ts(5123,17): error TS2531: Object is possibly 'null'.\
7.418 src/archibald-bot.ts(5127,17): error TS2531: Object is possibly 'null'.\
7.418 src/archibald-bot.ts(5128,17): error TS2531: Object is possibly 'null'.\
7.418 src/archibald-bot.ts(5131,20): error TS2554: Expected 3-4 arguments, but got 2.\
7.418 src/archibald-bot.ts(5132,16): error TS7005: Variable 'quantityInput' implicitly has an 'any' type.\
7.418 src/archibald-bot.ts(5137,20): error TS7005: Variable 'quantityInput' implicitly has an 'any' type.\
7.418 src/archibald-bot.ts(5138,16): error TS7006: Parameter 'el' implicitly has an 'any' type.\
7.418 src/archibald-bot.ts(5138,30): error TS2304: Cannot find name 'HTMLInputElement'.\
7.418 src/archibald-bot.ts(5155,43): error TS7006: Parameter 'el' implicitly has an 'any' type.\
7.418 src/archibald-bot.ts(5155,47): error TS7006: Parameter 'value' implicitly has an 'any' type.\
7.418 src/archibald-bot.ts(5156,35): error TS2304: Cannot find name 'HTMLInputElement'.\
7.418 src/archibald-bot.ts(5169,41): error TS2531: Object is possibly 'null'.\
7.418 src/archibald-bot.ts(5171,27): error TS2304: Cannot find name 'window'.\
7.418 src/archibald-bot.ts(5200,19): error TS2531: Object is possibly 'null'.\
7.418 src/archibald-bot.ts(5211,44): error TS2304: Cannot find name 'Element'.\
7.418 src/archibald-bot.ts(5213,22): error TS2554: Expected 3-4 arguments, but got 2.\
7.418 src/archibald-bot.ts(5220,17): error TS2584: Cannot find name 'document'. Do you need to change your target library? Try changing the 'lib' compiler option to include 'dom'.\
7.418 src/archibald-bot.ts(5226,34): error TS2304: Cannot find name 'HTMLElement'.\
7.418 src/archibald-bot.ts(5227,34): error TS2304: Cannot find name 'HTMLElement'.\
7.418 src/archibald-bot.ts(5260,17): error TS2584: Cannot find name 'document'. Do you need to change your target library? Try changing the 'lib' compiler option to include 'dom'.\
7.418 src/archibald-bot.ts(5303,15): error TS2345: Argument of type 'string' is not assignable to parameter of type '() => Promise<unknown>'.\
7.418 src/archibald-bot.ts(5355,24): error TS2554: Expected 3-4 arguments, but got 2.\
7.418 src/archibald-bot.ts(5361,21): error TS2531: Object is possibly 'null'.\
7.418 src/archibald-bot.ts(5362,21): error TS2531: Object is possibly 'null'.\
7.418 src/archibald-bot.ts(5363,21): error TS2531: Object is possibly 'null'.\
7.418 src/archibald-bot.ts(5364,21): error TS2531: Object is possibly 'null'.\
7.418 src/archibald-bot.ts(5369,21): error TS2531: Object is possibly 'null'.\
7.418 src/archibald-bot.ts(5370,21): error TS2531: Object is possibly 'null'.\
7.418 src/archibald-bot.ts(5375,24): error TS2554: Expected 3-4 arguments, but got 2.\
7.418 src/archibald-bot.ts(5380,32): error TS2304: Cannot find name 'HTMLInputElement'.\
7.418 src/archibald-bot.ts(5394,20): error TS2554: Expected 3-4 arguments, but got 2.\
7.418 src/archibald-bot.ts(5397,45): error TS2531: Object is possibly 'null'.\
7.418 src/archibald-bot.ts(5400,15): error TS2584: Cannot find name 'document'. Do you need to change your target library? Try changing the 'lib' compiler option to include 'dom'.\
7.418 src/archibald-bot.ts(5400,41): error TS2304: Cannot find name 'HTMLImageElement'.\
7.418 src/archibald-bot.ts(5404,31): error TS18046: 'el' is of type 'unknown'.\
7.418 src/archibald-bot.ts(5406,17): error TS18046: 'el' is of type 'unknown'.\
7.418 src/archibald-bot.ts(5406,45): error TS18046: 'el' is of type 'unknown'.\
7.418 src/archibald-bot.ts(5407,36): error TS18046: 'el' is of type 'unknown'.\
7.418 src/archibald-bot.ts(5413,15): error TS18046: 'btn' is of type 'unknown'.\
7.418 src/archibald-bot.ts(5419,15): error TS2584: Cannot find name 'document'. Do you need to change your target library? Try changing the 'lib' compiler option to include 'dom'.\
7.418 src/archibald-bot.ts(5419,41): error TS2304: Cannot find name 'HTMLImageElement'.\
7.418 src/archibald-bot.ts(5423,31): error TS18046: 'el' is of type 'unknown'.\
7.418 src/archibald-bot.ts(5425,17): error TS18046: 'el' is of type 'unknown'.\
7.418 src/archibald-bot.ts(5425,45): error TS18046: 'el' is of type 'unknown'.\
7.418 src/archibald-bot.ts(5431,15): error TS18046: 'btn' is of type 'unknown'.\
7.418 src/archibald-bot.ts(5461,34): error TS2554: Expected 3-4 arguments, but got 2.\
7.418 src/archibald-bot.ts(5475,15): error TS2584: Cannot find name 'document'. Do you need to change your target library? Try changing the 'lib' compiler option to include 'dom'.\
7.418 src/archibald-bot.ts(5487,26): error TS2304: Cannot find name 'HTMLElement'.\
7.418 src/archibald-bot.ts(5488,29): error TS18046: 'el' is of type 'unknown'.\
7.418 src/archibald-bot.ts(5493,24): error TS2304: Cannot find name 'HTMLElement'.\
7.418 src/archibald-bot.ts(5494,24): error TS2304: Cannot find name 'HTMLElement'.\
7.418 src/archibald-bot.ts(5495,24): error TS2304: Cannot find name 'HTMLImageElement'.\
7.418 src/archibald-bot.ts(5505,24): error TS2304: Cannot find name 'HTMLElement'.\
7.418 src/archibald-bot.ts(5511,26): error TS2304: Cannot find name 'HTMLElement'.\
7.418 src/archibald-bot.ts(5512,29): error TS18046: 'el' is of type 'unknown'.\
7.418 src/archibald-bot.ts(5517,24): error TS2304: Cannot find name 'HTMLElement'.\
7.418 src/archibald-bot.ts(5518,24): error TS2304: Cannot find name 'HTMLElement'.\
7.418 src/archibald-bot.ts(5519,24): error TS2304: Cannot find name 'HTMLImageElement'.\
7.418 src/archibald-bot.ts(5539,24): error TS2304: Cannot find name 'HTMLElement'.\
7.418 src/archibald-bot.ts(5562,26): error TS2584: Cannot find name 'document'. Do you need to change your target library? Try changing the 'lib' compiler option to include 'dom'.\
7.418 src/archibald-bot.ts(5563,32): error TS2304: Cannot find name 'HTMLElement'.\
7.418 src/archibald-bot.ts(5564,24): error TS2304: Cannot find name 'HTMLElement'.\
7.418 src/archibald-bot.ts(5570,15): error TS2584: Cannot find name 'document'. Do you need to change your target library? Try changing the 'lib' compiler option to include 'dom'.\
7.418 src/archibald-bot.ts(5571,37): error TS2304: Cannot find name 'HTMLElement'.\
7.418 src/archibald-bot.ts(5574,29): error TS18046: 'el' is of type 'unknown'.\
7.418 src/archibald-bot.ts(5582,29): error TS2304: Cannot find name 'HTMLElement'.\
7.418 src/archibald-bot.ts(5609,15): error TS2584: Cannot find name 'document'. Do you need to change your target library? Try changing the 'lib' compiler option to include 'dom'.\
7.418 src/archibald-bot.ts(5615,26): error TS2304: Cannot find name 'HTMLElement'.\
7.418 src/archibald-bot.ts(5617,24): error TS2304: Cannot find name 'HTMLElement'.\
7.418 src/archibald-bot.ts(5618,24): error TS2304: Cannot find name 'HTMLElement'.\
7.418 src/archibald-bot.ts(5619,24): error TS2304: Cannot find name 'HTMLImageElement'.\
7.418 src/archibald-bot.ts(5620,24): error TS2304: Cannot find name 'HTMLImageElement'.\
7.418 src/archibald-bot.ts(5633,24): error TS2304: Cannot find name 'HTMLElement'.\
7.418 src/archibald-bot.ts(5678,19): error TS2584: Cannot find name 'document'. Do you need to change your target library? Try changing the 'lib' compiler option to include 'dom'.\
7.418 src/archibald-bot.ts(5684,28): error TS2304: Cannot find name 'HTMLElement'.\
7.418 src/archibald-bot.ts(5685,28): error TS2304: Cannot find name 'HTMLElement'.\
7.418 src/archibald-bot.ts(5705,31): error TS2584: Cannot find name 'document'. Do you need to change your target library? Try changing the 'lib' compiler option to include 'dom'.\
7.418 src/archibald-bot.ts(5707,20): error TS2304: Cannot find name 'HTMLInputElement'.\
7.419 src/archibald-bot.ts(5714,17): error TS2584: Cannot find name 'document'. Do you need to change your target library? Try changing the 'lib' compiler option to include 'dom'.\
7.419 src/archibald-bot.ts(5716,30): error TS18046: 'el' is of type 'unknown'.\
7.419 src/archibald-bot.ts(5724,32): error TS18046: 'el' is of type 'unknown'.\
7.419 src/archibald-bot.ts(5766,39): error TS2345: Argument of type 'string' is not assignable to parameter of type '() => Promise<\{ id: string; name: string; vatNumber?: string | undefined; email?: string | undefined; \}[]>'.\
7.419 src/archibald-bot.ts(5814,13): error TS2584: Cannot find name 'document'. Do you need to change your target library? Try changing the 'lib' compiler option to include 'dom'.\
7.419 src/archibald-bot.ts(5815,16): error TS2304: Cannot find name 'Element'.\
7.419 src/archibald-bot.ts(5824,69): error TS2304: Cannot find name 'Element'.\
7.419 src/archibald-bot.ts(5829,37): error TS2304: Cannot find name 'Element'.\
7.419 src/archibald-bot.ts(5831,28): error TS2304: Cannot find name 'Element'.\
7.419 src/archibald-bot.ts(5832,39): error TS2304: Cannot find name 'Element'.\
7.419 src/archibald-bot.ts(5833,44): error TS2304: Cannot find name 'Element'.\
7.419 src/archibald-bot.ts(5834,40): error TS2304: Cannot find name 'Element'.\
7.419 src/archibald-bot.ts(5858,13): error TS2584: Cannot find name 'document'. Do you need to change your target library? Try changing the 'lib' compiler option to include 'dom'.\
7.419 src/archibald-bot.ts(5859,13): error TS2584: Cannot find name 'document'. Do you need to change your target library? Try changing the 'lib' compiler option to include 'dom'.\
7.419 src/archibald-bot.ts(5860,13): error TS2584: Cannot find name 'document'. Do you need to change your target library? Try changing the 'lib' compiler option to include 'dom'.\
7.419 src/archibald-bot.ts(5861,13): error TS2584: Cannot find name 'document'. Do you need to change your target library? Try changing the 'lib' compiler option to include 'dom'.\
7.419 src/archibald-bot.ts(5862,13): error TS2584: Cannot find name 'document'. Do you need to change your target library? Try changing the 'lib' compiler option to include 'dom'.\
7.419 src/archibald-bot.ts(5863,13): error TS2584: Cannot find name 'document'. Do you need to change your target library? Try changing the 'lib' compiler option to include 'dom'.\
7.419 src/archibald-bot.ts(5869,24): error TS2304: Cannot find name 'HTMLElement'.\
7.419 src/archibald-bot.ts(5870,38): error TS2304: Cannot find name 'HTMLElement'.\
7.419 src/archibald-bot.ts(5887,15): error TS2584: Cannot find name 'document'. Do you need to change your target library? Try changing the 'lib' compiler option to include 'dom'.\
7.419 src/archibald-bot.ts(5888,15): error TS2584: Cannot find name 'document'. Do you need to change your target library? Try changing the 'lib' compiler option to include 'dom'.\
7.419 src/archibald-bot.ts(5889,15): error TS2584: Cannot find name 'document'. Do you need to change your target library? Try changing the 'lib' compiler option to include 'dom'.\
7.419 src/archibald-bot.ts(5890,15): error TS2584: Cannot find name 'document'. Do you need to change your target library? Try changing the 'lib' compiler option to include 'dom'.\
7.419 src/archibald-bot.ts(5891,15): error TS2584: Cannot find name 'document'. Do you need to change your target library? Try changing the 'lib' compiler option to include 'dom'.\
7.419 src/archibald-bot.ts(5892,15): error TS2584: Cannot find name 'document'. Do you need to change your target library? Try changing the 'lib' compiler option to include 'dom'.\
7.419 src/archibald-bot.ts(5898,26): error TS2304: Cannot find name 'HTMLElement'.\
7.419 src/archibald-bot.ts(5908,33): error TS2304: Cannot find name 'HTMLElement'.\
7.419 src/browser-pool.ts(228,35): error TS2584: Cannot find name 'document'. Do you need to change your target library? Try changing the 'lib' compiler option to include 'dom'.\
7.419 src/browser-pool.ts(231,13): error TS18046: 'input' is of type 'unknown'.\
7.419 src/browser-pool.ts(232,13): error TS18046: 'input' is of type 'unknown'.\
7.419 src/browser-pool.ts(233,13): error TS18046: 'input' is of type 'unknown'.\
7.419 src/browser-pool.ts(234,13): error TS18046: 'input' is of type 'unknown'.\
7.419 src/browser-pool.ts(237,32): error TS2304: Cannot find name 'HTMLInputElement'.\
7.419 src/browser-pool.ts(237,70): error TS2304: Cannot find name 'HTMLInputElement'.\
7.419 src/browser-pool.ts(240,32): error TS2304: Cannot find name 'HTMLInputElement'.\
7.419 src/browser-pool.ts(240,70): error TS2304: Cannot find name 'HTMLInputElement'.\
7.419 src/browser-pool.ts(246,35): error TS2584: Cannot find name 'document'. Do you need to change your target library? Try changing the 'lib' compiler option to include 'dom'.\
7.419 src/browser-pool.ts(248,32): error TS2304: Cannot find name 'HTMLInputElement'.\
7.419 src/browser-pool.ts(248,70): error TS2304: Cannot find name 'HTMLInputElement'.\
7.419 src/browser-pool.ts(260,23): error TS2584: Cannot find name 'document'. Do you need to change your target library? Try changing the 'lib' compiler option to include 'dom'.\
7.419 src/browser-pool.ts(260,59): error TS2304: Cannot find name 'HTMLInputElement'.\
7.419 src/browser-pool.ts(266,23): error TS2584: Cannot find name 'document'. Do you need to change your target library? Try changing the 'lib' compiler option to include 'dom'.\
7.419 src/browser-pool.ts(266,59): error TS2304: Cannot find name 'HTMLInputElement'.\
7.419 src/browser-pool.ts(287,33): error TS2584: Cannot find name 'document'. Do you need to change your target library? Try changing the 'lib' compiler option to include 'dom'.\
7.419 src/browser-pool.ts(290,26): error TS18046: 'el' is of type 'unknown'.\
7.419 src/customer-sync-service.test.ts(35,41): error TS2345: Argument of type '"acquire"' is not assignable to parameter of type 'keyof BrowserPool'.\
7.419 src/customer-sync-service.test.ts(35,70): error TS2345: Argument of type '\{ page: Page; \}' is not assignable to parameter of type 'never'.\
7.419 src/customer-sync-service.test.ts(36,41): error TS2345: Argument of type '"release"' is not assignable to parameter of type 'keyof BrowserPool'.\
7.419 src/customer-sync-service.test.ts(36,70): error TS2345: Argument of type 'undefined' is not assignable to parameter of type 'never'.\
7.419 src/customer-sync-service.test.ts(219,38): error TS2339: Property 'acquire' does not exist on type 'BrowserPool'.\
7.419 src/customer-sync-service.ts(186,9): error TS7034: Variable 'bot' implicitly has type 'any' in some locations where its type cannot be determined.\
7.419 src/customer-sync-service.ts(238,11): error TS2584: Cannot find name 'document'. Do you need to change your target library? Try changing the 'lib' compiler option to include 'dom'.\
7.419 src/customer-sync-service.ts(241,36): error TS2304: Cannot find name 'HTMLInputElement'.\
7.419 src/customer-sync-service.ts(247,19): error TS2304: Cannot find name 'KeyboardEvent'.\
7.419 src/customer-sync-service.ts(260,11): error TS2584: Cannot find name 'document'. Do you need to change your target library? Try changing the 'lib' compiler option to include 'dom'.\
7.419 src/customer-sync-service.ts(262,31): error TS2304: Cannot find name 'Element'.\
7.419 src/customer-sync-service.ts(268,29): error TS2304: Cannot find name 'HTMLElement'.\
7.419 src/customer-sync-service.ts(286,13): error TS2584: Cannot find name 'document'. Do you need to change your target library? Try changing the 'lib' compiler option to include 'dom'.\
7.419 src/customer-sync-service.ts(288,33): error TS2304: Cannot find name 'Element'.\
7.419 src/customer-sync-service.ts(293,31): error TS2304: Cannot find name 'HTMLElement'.\
7.419 src/customer-sync-service.ts(300,31): error TS2304: Cannot find name 'HTMLElement'.\
7.419 src/customer-sync-service.ts(315,39): error TS7005: Variable 'bot' implicitly has an 'any' type.\
7.419 src/customer-sync-service.ts(318,15): error TS2584: Cannot find name 'document'. Do you need to change your target library? Try changing the 'lib' compiler option to include 'dom'.\
7.419 src/customer-sync-service.ts(320,39): error TS2584: Cannot find name 'document'. Do you need to change your target library? Try changing the 'lib' compiler option to include 'dom'.\
7.419 src/customer-sync-service.ts(326,26): error TS2304: Cannot find name 'Element'.\
7.419 src/customer-sync-service.ts(337,28): error TS2304: Cannot find name 'Element'.\
7.419 src/customer-sync-service.ts(338,33): error TS2304: Cannot find name 'Element'.\
7.419 src/customer-sync-service.ts(339,35): error TS2304: Cannot find name 'Element'.\
7.419 src/customer-sync-service.ts(342,28): error TS2304: Cannot find name 'Element'.\
7.419 src/customer-sync-service.ts(343,35): error TS2304: Cannot find name 'Element'.\
7.419 src/customer-sync-service.ts(344,30): error TS2304: Cannot find name 'Element'.\
7.419 src/customer-sync-service.ts(351,48): error TS7005: Variable 'bot' implicitly has an 'any' type.\
7.419 src/customer-sync-service.ts(354,15): error TS2584: Cannot find name 'document'. Do you need to change your target library? Try changing the 'lib' compiler option to include 'dom'.\
7.419 src/customer-sync-service.ts(364,38): error TS2304: Cannot find name 'HTMLInputElement'.\
7.420 src/customer-sync-service.ts(375,45): error TS2304: Cannot find name 'HTMLInputElement'.\
7.420 src/customer-sync-service.ts(384,37): error TS2584: Cannot find name 'document'. Do you need to change your target library? Try changing the 'lib' compiler option to include 'dom'.\
7.420 src/customer-sync-service.ts(386,22): error TS2304: Cannot find name 'HTMLInputElement'.\
7.420 src/customer-sync-service.ts(436,38): error TS7005: Variable 'bot' implicitly has an 'any' type.\
7.420 src/customer-sync-service.ts(439,21): error TS2584: Cannot find name 'document'. Do you need to change your target library? Try changing the 'lib' compiler option to include 'dom'.\
7.420 src/customer-sync-service.ts(444,33): error TS2304: Cannot find name 'HTMLInputElement'.\
7.420 src/customer-sync-service.ts(445,33): error TS2304: Cannot find name 'HTMLInputElement'.\
7.420 src/customer-sync-service.ts(448,35): error TS2304: Cannot find name 'HTMLInputElement'.\
7.420 src/customer-sync-service.ts(449,37): error TS2304: Cannot find name 'HTMLInputElement'.\
7.420 src/customer-sync-service.ts(450,38): error TS2304: Cannot find name 'HTMLInputElement'.\
7.420 src/customer-sync-service.ts(455,21): error TS2584: Cannot find name 'document'. Do you need to change your target library? Try changing the 'lib' compiler option to include 'dom'.\
7.420 src/customer-sync-service.ts(459,51): error TS2304: Cannot find name 'HTMLInputElement'.\
7.420 src/customer-sync-service.ts(467,43): error TS2584: Cannot find name 'document'. Do you need to change your target library? Try changing the 'lib' compiler option to include 'dom'.\
7.420 src/customer-sync-service.ts(469,28): error TS2304: Cannot find name 'HTMLInputElement'.\
7.420 src/customer-sync-service.ts(489,31): error TS2304: Cannot find name 'KeyboardEvent'.\
7.420 src/customer-sync-service.ts(522,25): error TS7005: Variable 'bot' implicitly has an 'any' type.\
7.420 src/customer-sync-service.ts(541,21): error TS7005: Variable 'bot' implicitly has an 'any' type.\
7.420 src/customer-sync-service.ts(569,37): error TS2584: Cannot find name 'document'. Do you need to change your target library? Try changing the 'lib' compiler option to include 'dom'.\
7.420 src/customer-sync-service.ts(570,27): error TS2304: Cannot find name 'HTMLElement'.\
7.420 src/customer-sync-service.ts(573,33): error TS2304: Cannot find name 'HTMLElement'.\
7.420 src/customer-sync-service.ts(575,36): error TS2304: Cannot find name 'HTMLElement'.\
7.420 src/customer-sync-service.ts(625,31): error TS2304: Cannot find name 'HTMLElement'.\
7.420 src/customer-sync-service.ts(680,15): error TS2584: Cannot find name 'document'. Do you need to change your target library? Try changing the 'lib' compiler option to include 'dom'.\
7.420 src/customer-sync-service.ts(681,15): error TS2584: Cannot find name 'document'. Do you need to change your target library? Try changing the 'lib' compiler option to include 'dom'.\
7.420 src/customer-sync-service.ts(682,15): error TS2584: Cannot find name 'document'. Do you need to change your target library? Try changing the 'lib' compiler option to include 'dom'.\
7.420 src/customer-sync-service.ts(683,15): error TS2584: Cannot find name 'document'. Do you need to change your target library? Try changing the 'lib' compiler option to include 'dom'.\
7.420 src/customer-sync-service.ts(684,15): error TS2584: Cannot find name 'document'. Do you need to change your target library? Try changing the 'lib' compiler option to include 'dom'.\
7.420 src/customer-sync-service.ts(685,15): error TS2584: Cannot find name 'document'. Do you need to change your target library? Try changing the 'lib' compiler option to include 'dom'.\
7.420 src/customer-sync-service.ts(691,26): error TS2304: Cannot find name 'HTMLElement'.\
7.420 src/customer-sync-service.ts(701,33): error TS2304: Cannot find name 'HTMLElement'.\
7.420 src/customer-sync-service.ts(732,13): error TS2584: Cannot find name 'document'. Do you need to change your target library? Try changing the 'lib' compiler option to include 'dom'.\
7.420 src/customer-sync-service.ts(733,16): error TS2304: Cannot find name 'Element'.\
7.420 src/customer-sync-service.ts(742,69): error TS2304: Cannot find name 'Element'.\
7.420 src/customer-sync-service.ts(745,37): error TS2304: Cannot find name 'Element'.\
7.420 src/customer-sync-service.ts(747,28): error TS2304: Cannot find name 'Element'.\
7.420 src/customer-sync-service.ts(749,28): error TS2304: Cannot find name 'Element'.\
7.420 src/customer-sync-service.ts(751,28): error TS2304: Cannot find name 'Element'.\
7.420 src/customer-sync-service.ts(752,44): error TS2304: Cannot find name 'Element'.\
7.420 src/customer-sync-service.ts(753,40): error TS2304: Cannot find name 'Element'.\
7.420 src/customer-sync-service.ts(809,13): error TS2584: Cannot find name 'document'. Do you need to change your target library? Try changing the 'lib' compiler option to include 'dom'.\
7.420 src/customer-sync-service.ts(810,13): error TS2584: Cannot find name 'document'. Do you need to change your target library? Try changing the 'lib' compiler option to include 'dom'.\
7.420 src/customer-sync-service.ts(811,13): error TS2584: Cannot find name 'document'. Do you need to change your target library? Try changing the 'lib' compiler option to include 'dom'.\
7.420 src/customer-sync-service.ts(812,13): error TS2584: Cannot find name 'document'. Do you need to change your target library? Try changing the 'lib' compiler option to include 'dom'.\
7.420 src/customer-sync-service.ts(813,13): error TS2584: Cannot find name 'document'. Do you need to change your target library? Try changing the 'lib' compiler option to include 'dom'.\
7.420 src/customer-sync-service.ts(814,13): error TS2584: Cannot find name 'document'. Do you need to change your target library? Try changing the 'lib' compiler option to include 'dom'.\
7.420 src/customer-sync-service.ts(820,24): error TS2304: Cannot find name 'HTMLElement'.\
7.420 src/customer-sync-service.ts(821,38): error TS2304: Cannot find name 'HTMLElement'.\
7.420 src/customer-sync-service.ts(835,15): error TS2584: Cannot find name 'document'. Do you need to change your target library? Try changing the 'lib' compiler option to include 'dom'.\
7.420 src/customer-sync-service.ts(836,15): error TS2584: Cannot find name 'document'. Do you need to change your target library? Try changing the 'lib' compiler option to include 'dom'.\
7.420 src/customer-sync-service.ts(837,15): error TS2584: Cannot find name 'document'. Do you need to change your target library? Try changing the 'lib' compiler option to include 'dom'.\
7.420 src/customer-sync-service.ts(838,15): error TS2584: Cannot find name 'document'. Do you need to change your target library? Try changing the 'lib' compiler option to include 'dom'.\
7.420 src/customer-sync-service.ts(839,15): error TS2584: Cannot find name 'document'. Do you need to change your target library? Try changing the 'lib' compiler option to include 'dom'.\
7.420 src/customer-sync-service.ts(840,15): error TS2584: Cannot find name 'document'. Do you need to change your target library? Try changing the 'lib' compiler option to include 'dom'.\
7.420 src/customer-sync-service.ts(846,26): error TS2304: Cannot find name 'HTMLElement'.\
7.420 src/customer-sync-service.ts(856,33): error TS2304: Cannot find name 'HTMLElement'.\
7.420 src/customer-sync-service.ts(897,60): error TS2554: Expected 1 arguments, but got 2.\
7.420 src/ddt-scraper-service.spec.ts(150,9): error TS2740: Type '\{ id: string; orderNumber: string; customerProfileId: string; customerName: string; deliveryName: string; deliveryAddress: string; creationDate: string; deliveryDate: string; status: string; customerReference: null; \}' is missing the following properties from type 'StoredOrder': userId, remainingSalesFinancial, salesStatus, orderType, and 30 more.\
7.420 src/ddt-scraper-service.spec.ts(170,11): error TS2561: Object literal may only specify known properties, but 'deliveryDate' does not exist in type 'DDTData'. Did you mean to write 'ddtDeliveryDate'?\
7.420 src/ddt-scraper-service.spec.ts(202,11): error TS2561: Object literal may only specify known properties, but 'deliveryDate' does not exist in type 'DDTData'. Did you mean to write 'ddtDeliveryDate'?\
7.420 src/ddt-scraper-service.spec.ts(220,9): error TS2740: Type '\{ id: string; orderNumber: string; customerProfileId: string; customerName: string; deliveryName: string; deliveryAddress: string; creationDate: string; deliveryDate: string; status: string; customerReference: null; \}' is missing the following properties from type 'StoredOrder': userId, remainingSalesFinancial, salesStatus, orderType, and 30 more.\
7.420 src/ddt-scraper-service.spec.ts(240,11): error TS2561: Object literal may only specify known properties, but 'deliveryDate' does not exist in type 'DDTData'. Did you mean to write 'ddtDeliveryDate'?\
7.420 src/ddt-scraper-service.spec.ts(248,11): error TS2561: Object literal may only specify known properties, but 'deliveryDate' does not exist in type 'DDTData'. Did you mean to write 'ddtDeliveryDate'?\
7.420 src/ddt-scraper-service.spec.ts(266,9): error TS2740: Type '\{ id: string; orderNumber: string; customerProfileId: string; customerName: string; deliveryName: string; deliveryAddress: string; creationDate: string; deliveryDate: string; status: string; customerReference: null; \}' is missing the following properties from type 'StoredOrder': userId, remainingSalesFinancial, salesStatus, orderType, and 30 more.\
7.420 src/ddt-scraper-service.spec.ts(286,11): error TS2561: Object literal may only specify known properties, but 'deliveryDate' does not exist in type 'DDTData'. Did you mean to write 'ddtDeliveryDate'?\
7.420 src/ddt-scraper-service.ts(133,21): error TS2584: Cannot find name 'document'. Do you need to change your target library? Try changing the 'lib' compiler option to include 'dom'.\
7.420 src/ddt-scraper-service.ts(150,22): error TS18046: 'header' is of type 'unknown'.\
7.420 src/ddt-scraper-service.ts(225,34): error TS18046: 'row' is of type 'unknown'.\
7.420 src/ddt-scraper-service.ts(230,55): error TS2339: Property 'textContent' does not exist on type '\{\}'.\
7.420 src/ddt-scraper-service.ts(234,51): error TS2339: Property 'textContent' does not exist on type '\{\}'.\
7.420 src/ddt-scraper-service.ts(249,46): error TS2339: Property 'querySelector' does not exist on type '\{\}'.\
7.420 src/ddt-scraper-service.ts(269,41): error TS2339: Property 'textContent' does not exist on type '\{\}'.\
7.420 src/ddt-scraper-service.ts(274,48): error TS2339: Property 'textContent' does not exist on type '\{\}'.\
7.420 src/ddt-scraper-service.ts(279,53): error TS2339: Property 'textContent' does not exist on type '\{\}'.\
7.420 src/ddt-scraper-service.ts(283,45): error TS2339: Property 'textContent' does not exist on type '\{\}'.\
7.420 src/ddt-scraper-service.ts(287,48): error TS2339: Property 'textContent' does not exist on type '\{\}'.\
7.420 src/ddt-scraper-service.ts(294,49): error TS2339: Property 'textContent' does not exist on type '\{\}'.\
7.420 src/ddt-scraper-service.ts(298,50): error TS2339: Property 'textContent' does not exist on type '\{\}'.\
7.420 src/ddt-scraper-service.ts(302,48): error TS2339: Property 'textContent' does not exist on type '\{\}'.\
7.420 src/ddt-scraper-service.ts(316,23): error TS2584: Cannot find name 'document'. Do you need to change your target library? Try changing the 'lib' compiler option to include 'dom'.\
7.421 src/ddt-scraper-service.ts(326,23): error TS2584: Cannot find name 'document'. Do you need to change your target library? Try changing the 'lib' compiler option to include 'dom'.\
7.421 src/ddt-scraper-service.ts(328,21): error TS2304: Cannot find name 'HTMLElement'.\
7.421 src/ddt-scraper-service.ts(411,47): error TS2304: Cannot find name 'StoredOrder'.\
7.421 src/ddt-scraper-service.ts(461,25): error TS2584: Cannot find name 'document'. Do you need to change your target library? Try changing the 'lib' compiler option to include 'dom'.\
7.421 src/ddt-scraper-service.ts(461,61): error TS2304: Cannot find name 'HTMLInputElement'.\
7.421 src/ddt-scraper-service.ts(473,37): error TS2304: Cannot find name 'KeyboardEvent'.\
7.421 src/ddt-scraper-service.ts(476,25): error TS2304: Cannot find name 'window'.\
7.421 src/ddt-scraper-service.ts(477,29): error TS2304: Cannot find name 'window'.\
7.421 src/ddt-scraper-service.ts(499,24): error TS2584: Cannot find name 'document'. Do you need to change your target library? Try changing the 'lib' compiler option to include 'dom'.\
7.421 src/ddt-scraper-service.ts(516,23): error TS2584: Cannot find name 'document'. Do you need to change your target library? Try changing the 'lib' compiler option to include 'dom'.\
7.421 src/ddt-scraper-service.ts(532,23): error TS2584: Cannot find name 'document'. Do you need to change your target library? Try changing the 'lib' compiler option to include 'dom'.\
7.421 src/ddt-scraper-service.ts(540,16): error TS2304: Cannot find name 'HTMLElement'.\
7.421 src/index.ts(248,9): error TS2353: Object literal may only specify known properties, and 'metadata' does not exist in type 'ApiResponse'.\
7.421 src/index.ts(326,9): error TS2353: Object literal may only specify known properties, and 'token' does not exist in type 'ApiResponse'.\
7.421 src/index.ts(603,7): error TS2353: Object literal may only specify known properties, and 'metadata' does not exist in type 'ApiResponse'.\
7.421 src/index.ts(655,7): error TS2353: Object literal may only specify known properties, and 'metadata' does not exist in type 'ApiResponse'.\
7.421 src/index.ts(1367,43): error TS2339: Property 'getByNameOrId' does not exist on type 'ProductDatabase'.\
7.421 src/index.ts(1681,29): error TS2339: Property 'ddtNumber' does not exist on type 'Order'.\
7.421 src/index.ts(1683,30): error TS2339: Property 'ddtId' does not exist on type 'Order'.\
7.421 src/index.ts(1684,34): error TS2339: Property 'ddtNumber' does not exist on type 'Order'.\
7.421 src/index.ts(1685,40): error TS2551: Property 'ddtDeliveryDate' does not exist on type 'Order'. Did you mean 'deliveryDate'?\
7.421 src/index.ts(1686,32): error TS2551: Property 'ddtOrderNumber' does not exist on type 'Order'. Did you mean 'orderNumber'?\
7.421 src/index.ts(1687,42): error TS2339: Property 'ddtCustomerAccount' does not exist on type 'Order'.\
7.421 src/index.ts(1688,34): error TS2339: Property 'ddtSalesName' does not exist on type 'Order'.\
7.421 src/index.ts(1689,37): error TS2551: Property 'ddtDeliveryName' does not exist on type 'Order'. Did you mean 'deliveryName'?\
7.421 src/index.ts(1690,38): error TS2551: Property 'deliveryTerms' does not exist on type 'Order'. Did you mean 'deliveryDate'?\
7.421 src/index.ts(1691,39): error TS2339: Property 'deliveryMethod' does not exist on type 'Order'.\
7.421 src/index.ts(1692,37): error TS2339: Property 'deliveryCity' does not exist on type 'Order'.\
7.421 src/index.ts(1693,39): error TS2339: Property 'trackingNumber' does not exist on type 'Order'.\
7.421 src/index.ts(1694,36): error TS2339: Property 'trackingUrl' does not exist on type 'Order'.\
7.421 src/index.ts(1695,40): error TS2339: Property 'trackingCourier' does not exist on type 'Order'.\
7.421 src/index.ts(1700,34): error TS2339: Property 'trackingNumber' does not exist on type 'Order'.\
7.421 src/index.ts(1702,39): error TS2339: Property 'trackingNumber' does not exist on type 'Order'.\
7.421 src/index.ts(1703,36): error TS2339: Property 'trackingUrl' does not exist on type 'Order'.\
7.421 src/index.ts(1704,40): error TS2339: Property 'trackingCourier' does not exist on type 'Order'.\
7.421 src/index.ts(1741,30): error TS2339: Property 'userId' does not exist on type 'Order'.\
7.421 src/index.ts(1743,30): error TS2339: Property 'lastScraped' does not exist on type 'Order'.\
7.421 src/index.ts(1744,34): error TS2339: Property 'lastUpdated' does not exist on type 'Order'.\
7.421 src/index.ts(2320,29): error TS2551: Property 'getOrderDb' does not exist on type 'OrderHistoryService'. Did you mean 'orderDb'?\
7.421 src/investigate-package-ui.ts(121,33): error TS2584: Cannot find name 'document'. Do you need to change your target library? Try changing the 'lib' compiler option to include 'dom'.\
7.421 src/investigate-package-ui.ts(124,30): error TS2304: Cannot find name 'HTMLInputElement'.\
7.421 src/investigate-package-ui.ts(125,32): error TS2304: Cannot find name 'HTMLInputElement'.\
7.421 src/investigate-package-ui.ts(139,40): error TS2304: Cannot find name 'HTMLInputElement'.\
7.421 src/investigate-package-ui.ts(254,35): error TS2304: Cannot find name 'HTMLElement'.\
7.421 src/investigate-package-ui.ts(329,33): error TS2304: Cannot find name 'HTMLElement'.\
7.421 src/investigate-package-ui.ts(357,19): error TS2584: Cannot find name 'document'. Do you need to change your target library? Try changing the 'lib' compiler option to include 'dom'.\
7.421 src/investigate-package-ui.ts(381,23): error TS18046: 'cell' is of type 'unknown'.\
7.421 src/investigate-package-ui.ts(382,20): error TS18046: 'cell' is of type 'unknown'.\
7.421 src/investigate-package-ui.ts(383,20): error TS18046: 'cell' is of type 'unknown'.\
7.421 src/investigate-package-ui.ts(418,35): error TS2584: Cannot find name 'document'. Do you need to change your target library? Try changing the 'lib' compiler option to include 'dom'.\
7.421 src/investigate-package-ui.ts(420,21): error TS18046: 'select' is of type 'unknown'.\
7.421 src/investigate-package-ui.ts(421,18): error TS18046: 'select' is of type 'unknown'.\
7.421 src/investigate-package-ui.ts(422,20): error TS18046: 'select' is of type 'unknown'.\
7.421 src/investigate-package-ui.ts(436,7): error TS2584: Cannot find name 'document'. Do you need to change your target library? Try changing the 'lib' compiler option to include 'dom'.\
7.421 src/investigate-package-ui.ts(440,9): error TS18046: 'radio' is of type 'unknown'.\
7.421 src/investigate-package-ui.ts(441,19): error TS2304: Cannot find name 'HTMLInputElement'.\
7.421 src/investigate-package-ui.ts(443,18): error TS18046: 'radio' is of type 'unknown'.\
7.421 src/investigate-package-ui.ts(444,20): error TS18046: 'radio' is of type 'unknown'.\
7.421 src/investigate-package-ui.ts(456,34): error TS2584: Cannot find name 'document'. Do you need to change your target library? Try changing the 'lib' compiler option to include 'dom'.\
7.421 src/investigate-package-ui.ts(458,18): error TS18046: 'input' is of type 'unknown'.\
7.421 src/investigate-package-ui.ts(459,20): error TS18046: 'input' is of type 'unknown'.\
7.421 src/investigate-package-ui.ts(503,11): error TS2584: Cannot find name 'document'. Do you need to change your target library? Try changing the 'lib' compiler option to include 'dom'.\
7.421 src/investigate-package-ui.ts(506,33): error TS2304: Cannot find name 'HTMLElement'.\
7.421 src/invoice-scraper-service.ts(127,21): error TS2584: Cannot find name 'document'. Do you need to change your target library? Try changing the 'lib' compiler option to include 'dom'.\
7.421 src/invoice-scraper-service.ts(144,22): error TS18046: 'header' is of type 'unknown'.\
7.421 src/invoice-scraper-service.ts(186,34): error TS18046: 'row' is of type 'unknown'.\
7.421 src/invoice-scraper-service.ts(192,43): error TS2339: Property 'textContent' does not exist on type '\{\}'.\
7.421 src/invoice-scraper-service.ts(198,58): error TS2339: Property 'textContent' does not exist on type '\{\}'.\
7.421 src/invoice-scraper-service.ts(212,45): error TS2339: Property 'textContent' does not exist on type '\{\}'.\
7.421 src/invoice-scraper-service.ts(238,53): error TS2339: Property 'textContent' does not exist on type '\{\}'.\
7.421 src/invoice-scraper-service.ts(242,48): error TS2339: Property 'textContent' does not exist on type '\{\}'.\
7.421 src/invoice-scraper-service.ts(244,18): error TS18046: 'row' is of type 'unknown'.\
7.421 src/invoice-scraper-service.ts(430,28): error TS2584: Cannot find name 'document'. Do you need to change your target library? Try changing the 'lib' compiler option to include 'dom'.\
7.421 src/invoice-scraper-service.ts(432,16): error TS2304: Cannot find name 'HTMLInputElement'.\
7.421 src/invoice-scraper-service.ts(525,26): error TS2584: Cannot find name 'document'. Do you need to change your target library? Try changing the 'lib' compiler option to include 'dom'.\
7.421 src/invoice-scraper-service.ts(537,26): error TS2584: Cannot find name 'document'. Do you need to change your target library? Try changing the 'lib' compiler option to include 'dom'.\
7.421 src/invoice-scraper-service.ts(539,12): error TS2304: Cannot find name 'HTMLImageElement'.\
7.421 src/order-db.ts(477,26): error TS2551: Property 'invoice_number' does not exist on type 'StoredOrder'. Did you mean 'invoiceNumber'?\
7.421 src/order-db.ts(478,24): error TS2551: Property 'invoice_date' does not exist on type 'StoredOrder'. Did you mean 'invoiceDate'?\
7.421 src/order-db.ts(479,26): error TS2551: Property 'invoice_amount' does not exist on type 'StoredOrder'. Did you mean 'invoiceAmount'?\
7.421 src/order-db.ts(518,26): error TS2551: Property 'invoice_number' does not exist on type 'StoredOrder'. Did you mean 'invoiceNumber'?\
7.421 src/order-db.ts(519,24): error TS2551: Property 'invoice_date' does not exist on type 'StoredOrder'. Did you mean 'invoiceDate'?\
7.421 src/order-db.ts(520,26): error TS2551: Property 'invoice_amount' does not exist on type 'StoredOrder'. Did you mean 'invoiceAmount'?\
7.421 src/order-history-service.ts(553,17): error TS2739: Type '\{ lastScraped: string; lastUpdated: string; isOpen: boolean; detailJson: null; sentToMilanoAt: null; currentState: string; ddtId: string | null; ddtNumber: string | null; ddtDeliveryDate: string | null; ... 30 more ...; status: string; \}' is missing the following properties from type 'StoredOrder': userId, invoiceNumber, invoiceDate, invoiceAmount\
7.421 src/order-history-service.ts(588,17): error TS2739: Type '\{ lastScraped: string; lastUpdated: string; isOpen: boolean; detailJson: null; sentToMilanoAt: null; currentState: string; ddtId: null; ddtNumber: null; ddtDeliveryDate: null; ddtOrderNumber: null; ... 29 more ...; status: string; \}' is missing the following properties from type 'StoredOrder': userId, invoiceNumber, invoiceDate, invoiceAmount\
7.421 src/order-history-service.ts(632,23): error TS2584: Cannot find name 'document'. Do you need to change your target library? Try changing the 'lib' compiler option to include 'dom'.\
7.421 src/order-history-service.ts(645,11): error TS2584: Cannot find name 'document'. Do you need to change your target library? Try changing the 'lib' compiler option to include 'dom'.\
7.421 src/order-history-service.ts(651,24): error TS18046: 'button' is of type 'unknown'.\
7.421 src/order-history-service.ts(653,24): error TS2304: Cannot find name 'HTMLElement'.\
7.421 src/order-history-service.ts(660,11): error TS2584: Cannot find name 'document'. Do you need to change your target library? Try changing the 'lib' compiler option to include 'dom'.\
7.421 src/order-history-service.ts(664,24): error TS18046: 'btn' is of type 'unknown'.\
7.422 src/order-history-service.ts(666,21): error TS2304: Cannot find name 'HTMLElement'.\
7.422 src/order-history-service.ts(673,11): error TS2584: Cannot find name 'document'. Do you need to change your target library? Try changing the 'lib' compiler option to include 'dom'.\
7.422 src/order-history-service.ts(677,15): error TS18046: 'elem' is of type 'unknown'.\
7.422 src/order-history-service.ts(678,22): error TS2304: Cannot find name 'HTMLElement'.\
7.422 src/order-history-service.ts(700,23): error TS2584: Cannot find name 'document'. Do you need to change your target library? Try changing the 'lib' compiler option to include 'dom'.\
7.422 src/order-history-service.ts(702,11): error TS2304: Cannot find name 'window'.\
7.422 src/order-history-service.ts(709,9): error TS2304: Cannot find name 'window'.\
7.422 src/order-history-service.ts(719,26): error TS2584: Cannot find name 'document'. Do you need to change your target library? Try changing the 'lib' compiler option to include 'dom'.\
7.422 src/order-history-service.ts(766,7): error TS2353: Object literal may only specify known properties, and 'ddtId' does not exist in type 'Order'.\
7.422 src/order-history-service.ts(799,24): error TS2584: Cannot find name 'document'. Do you need to change your target library? Try changing the 'lib' compiler option to include 'dom'.\
7.422 src/order-history-service.ts(804,27): error TS18046: 'row' is of type 'unknown'.\
7.422 src/order-history-service.ts(834,29): error TS2584: Cannot find name 'document'. Do you need to change your target library? Try changing the 'lib' compiler option to include 'dom'.\
7.422 src/order-history-service.ts(836,14): error TS2304: Cannot find name 'HTMLInputElement'.\
7.422 src/order-history-service.ts(854,28): error TS2584: Cannot find name 'document'. Do you need to change your target library? Try changing the 'lib' compiler option to include 'dom'.\
7.422 src/order-history-service.ts(856,14): error TS2304: Cannot find name 'HTMLInputElement'.\
7.422 src/order-history-service.ts(867,13): error TS2584: Cannot find name 'document'. Do you need to change your target library? Try changing the 'lib' compiler option to include 'dom'.\
7.422 src/order-history-service.ts(868,26): error TS18046: 'el' is of type 'unknown'.\
7.422 src/order-history-service.ts(870,34): error TS2304: Cannot find name 'HTMLElement'.\
7.422 src/order-history-service.ts(879,32): error TS2584: Cannot find name 'document'. Do you need to change your target library? Try changing the 'lib' compiler option to include 'dom'.\
7.422 src/order-history-service.ts(881,14): error TS2304: Cannot find name 'HTMLElement'.\
7.422 src/order-history-service.ts(895,11): error TS2584: Cannot find name 'document'. Do you need to change your target library? Try changing the 'lib' compiler option to include 'dom'.\
7.422 src/order-history-service.ts(898,15): error TS18046: 'item' is of type 'unknown'.\
7.422 src/order-history-service.ts(899,22): error TS2304: Cannot find name 'HTMLElement'.\
7.422 src/order-history-service.ts(932,11): error TS2584: Cannot find name 'document'. Do you need to change your target library? Try changing the 'lib' compiler option to include 'dom'.\
7.422 src/order-history-service.ts(936,24): error TS18046: 'header' is of type 'unknown'.\
7.422 src/order-history-service.ts(961,11): error TS2584: Cannot find name 'document'. Do you need to change your target library? Try changing the 'lib' compiler option to include 'dom'.\
7.422 src/order-history-service.ts(964,24): error TS18046: 'header' is of type 'unknown'.\
7.422 src/order-history-service.ts(969,24): error TS2304: Cannot find name 'HTMLElement'.\
7.422 src/order-history-service.ts(985,11): error TS2584: Cannot find name 'document'. Do you need to change your target library? Try changing the 'lib' compiler option to include 'dom'.\
7.422 src/order-history-service.ts(988,24): error TS18046: 'header' is of type 'unknown'.\
7.422 src/order-history-service.ts(993,24): error TS2304: Cannot find name 'HTMLElement'.\
7.422 src/order-history-service.ts(1137,11): error TS2584: Cannot find name 'document'. Do you need to change your target library? Try changing the 'lib' compiler option to include 'dom'.\
7.422 src/order-history-service.ts(1138,11): error TS2584: Cannot find name 'document'. Do you need to change your target library? Try changing the 'lib' compiler option to include 'dom'.\
7.422 src/order-history-service.ts(1139,11): error TS2584: Cannot find name 'document'. Do you need to change your target library? Try changing the 'lib' compiler option to include 'dom'.\
7.422 src/order-history-service.ts(1140,11): error TS2584: Cannot find name 'document'. Do you need to change your target library? Try changing the 'lib' compiler option to include 'dom'.\
7.422 src/order-history-service.ts(1141,11): error TS2584: Cannot find name 'document'. Do you need to change your target library? Try changing the 'lib' compiler option to include 'dom'.\
7.422 src/order-history-service.ts(1142,11): error TS2584: Cannot find name 'document'. Do you need to change your target library? Try changing the 'lib' compiler option to include 'dom'.\
7.422 src/order-history-service.ts(1148,22): error TS2304: Cannot find name 'HTMLElement'.\
7.422 src/order-history-service.ts(1149,36): error TS2304: Cannot find name 'HTMLElement'.\
7.422 src/order-history-service.ts(1164,13): error TS2584: Cannot find name 'document'. Do you need to change your target library? Try changing the 'lib' compiler option to include 'dom'.\
7.422 src/order-history-service.ts(1165,13): error TS2584: Cannot find name 'document'. Do you need to change your target library? Try changing the 'lib' compiler option to include 'dom'.\
7.422 src/order-history-service.ts(1166,13): error TS2584: Cannot find name 'document'. Do you need to change your target library? Try changing the 'lib' compiler option to include 'dom'.\
7.423 src/order-history-service.ts(1167,13): error TS2584: Cannot find name 'document'. Do you need to change your target library? Try changing the 'lib' compiler option to include 'dom'.\
7.423 src/order-history-service.ts(1168,13): error TS2584: Cannot find name 'document'. Do you need to change your target library? Try changing the 'lib' compiler option to include 'dom'.\
7.423 src/order-history-service.ts(1169,13): error TS2584: Cannot find name 'document'. Do you need to change your target library? Try changing the 'lib' compiler option to include 'dom'.\
7.423 src/order-history-service.ts(1175,24): error TS2304: Cannot find name 'HTMLElement'.\
7.423 src/order-history-service.ts(1185,31): error TS2304: Cannot find name 'HTMLElement'.\
7.423 src/order-history-service.ts(1268,21): error TS2584: Cannot find name 'document'. Do you need to change your target library? Try changing the 'lib' compiler option to include 'dom'.\
7.423 src/order-history-service.ts(1290,36): error TS18046: 'row' is of type 'unknown'.\
7.423 src/order-history-service.ts(1300,32): error TS2339: Property 'textContent' does not exist on type '\{\}'.\
7.423 src/order-history-service.ts(1301,41): error TS2339: Property 'textContent' does not exist on type '\{\}'.\
7.423 src/order-history-service.ts(1318,47): error TS2339: Property 'textContent' does not exist on type '\{\}'.\
7.423 src/order-history-service.ts(1319,42): error TS2339: Property 'textContent' does not exist on type '\{\}'.\
7.423 src/order-history-service.ts(1320,42): error TS2339: Property 'textContent' does not exist on type '\{\}'.\
7.423 src/order-history-service.ts(1321,45): error TS2339: Property 'textContent' does not exist on type '\{\}'.\
7.423 src/order-history-service.ts(1322,46): error TS2339: Property 'textContent' does not exist on type '\{\}'.\
7.423 src/order-history-service.ts(1323,46): error TS2339: Property 'textContent' does not exist on type '\{\}'.\
7.423 src/order-history-service.ts(1324,54): error TS2339: Property 'textContent' does not exist on type '\{\}'.\
7.423 src/order-history-service.ts(1325,48): error TS2339: Property 'textContent' does not exist on type '\{\}'.\
7.423 src/order-history-service.ts(1326,42): error TS2339: Property 'textContent' does not exist on type '\{\}'.\
7.423 src/order-history-service.ts(1327,40): error TS2339: Property 'textContent' does not exist on type '\{\}'.\
7.423 src/order-history-service.ts(1328,45): error TS2339: Property 'textContent' does not exist on type '\{\}'.\
7.423 src/order-history-service.ts(1329,42): error TS2339: Property 'textContent' does not exist on type '\{\}'.\
7.423 src/order-history-service.ts(1330,45): error TS2339: Property 'textContent' does not exist on type '\{\}'.\
7.423 src/order-history-service.ts(1331,47): error TS2339: Property 'textContent' does not exist on type '\{\}'.\
7.423 src/order-history-service.ts(1332,49): error TS2339: Property 'textContent' does not exist on type '\{\}'.\
7.423 src/order-history-service.ts(1334,46): error TS2339: Property 'textContent' does not exist on type '\{\}'.\
7.423 src/order-history-service.ts(1335,42): error TS2339: Property 'textContent' does not exist on type '\{\}'.\
7.423 src/order-history-service.ts(1336,42): error TS2339: Property 'textContent' does not exist on type '\{\}'.\
7.423 src/order-history-service.ts(1469,35): error TS2584: Cannot find name 'document'. Do you need to change your target library? Try changing the 'lib' compiler option to include 'dom'.\
7.423 src/order-history-service.ts(1471,15): error TS18046: 'label' is of type 'unknown'.\
7.423 src/order-history-service.ts(1473,28): error TS18046: 'label' is of type 'unknown'.\
7.423 src/order-history-service.ts(1476,57): error TS2304: Cannot find name 'HTMLElement'.\
7.423 src/order-history-service.ts(1478,24): error TS2571: Object is of type 'unknown'.\
7.423 src/order-history-service.ts(1482,26): error TS18046: 'label' is of type 'unknown'.\
7.423 src/order-history-service.ts(1565,35): error TS2584: Cannot find name 'document'. Do you need to change your target library? Try changing the 'lib' compiler option to include 'dom'.\
7.423 src/order-history-service.ts(1569,13): error TS18046: 'table' is of type 'unknown'.\
7.423 src/order-history-service.ts(1570,16): error TS2304: Cannot find name 'HTMLElement'.\
7.423 src/order-history-service.ts(1575,18): error TS2304: Cannot find name 'HTMLElement'.\
7.423 src/order-history-service.ts(1687,38): error TS2584: Cannot find name 'document'. Do you need to change your target library? Try changing the 'lib' compiler option to include 'dom'.\
7.423 src/order-history-service.ts(1691,38): error TS18046: 'table' is of type 'unknown'.\
7.423 src/order-history-service.ts(1694,15): error TS18046: 'h' is of type 'unknown'.\
7.423 src/order-history-service.ts(1695,15): error TS18046: 'h' is of type 'unknown'.\
7.423 src/order-history-service.ts(1700,41): error TS18046: 'table' is of type 'unknown'.\
7.423 src/order-history-service.ts(1703,40): error TS18046: 'row' is of type 'unknown'.\
7.423 src/order-history-service.ts(1709,51): error TS2339: Property 'querySelector' does not exist on type '\{\}'.\
7.423 src/order-history-service.ts(1727,53): error TS2339: Property 'textContent' does not exist on type '\{\}'.\
7.423 src/order-history-service.ts(1753,38): error TS18046: 'table' is of type 'unknown'.\
7.423 src/order-history-service.ts(1758,15): error TS18046: 'h' is of type 'unknown'.\
7.423 src/order-history-service.ts(1759,15): error TS18046: 'h' is of type 'unknown'.\
7.423 src/order-history-service.ts(1763,15): error TS18046: 'h' is of type 'unknown'.\
7.423 src/order-history-service.ts(1764,15): error TS18046: 'h' is of type 'unknown'.\
7.423 src/order-history-service.ts(1768,15): error TS18046: 'h' is of type 'unknown'.\
7.423 src/order-history-service.ts(1769,16): error TS18046: 'h' is of type 'unknown'.\
7.423 src/order-history-service.ts(1774,41): error TS18046: 'table' is of type 'unknown'.\
7.423 src/order-history-service.ts(1777,40): error TS18046: 'row' is of type 'unknown'.\
7.424 src/order-history-service.ts(1782,41): error TS2339: Property 'querySelector' does not exist on type '\{\}'.\
7.424 src/order-history-service.ts(1798,45): error TS2339: Property 'textContent' does not exist on type '\{\}'.\
7.424 src/order-history-service.ts(1815,49): error TS2339: Property 'querySelector' does not exist on type '\{\}'.\
7.424 src/order-history-service.ts(1831,45): error TS2339: Property 'textContent' does not exist on type '\{\}'.\
7.424 src/order-history-service.ts(1887,21): error TS2584: Cannot find name 'document'. Do you need to change your target library? Try changing the 'lib' compiler option to include 'dom'.\
7.424 src/order-history-service.ts(1906,34): error TS18046: 'row' is of type 'unknown'.\
7.424 src/order-history-service.ts(1917,33): error TS2339: Property 'textContent' does not exist on type '\{\}'.\
7.424 src/order-history-service.ts(1918,37): error TS2339: Property 'textContent' does not exist on type '\{\}'.\
7.424 src/order-history-service.ts(1919,43): error TS2339: Property 'textContent' does not exist on type '\{\}'.\
7.424 src/order-history-service.ts(1920,35): error TS2339: Property 'textContent' does not exist on type '\{\}'.\
7.424 src/order-history-service.ts(1921,46): error TS2339: Property 'textContent' does not exist on type '\{\}'.\
7.424 src/order-history-service.ts(1922,38): error TS2339: Property 'textContent' does not exist on type '\{\}'.\
7.424 src/order-history-service.ts(1923,41): error TS2339: Property 'textContent' does not exist on type '\{\}'.\
7.424 src/order-history-service.ts(1925,42): error TS2339: Property 'textContent' does not exist on type '\{\}'.\
7.424 src/order-history-service.ts(1926,41): error TS2339: Property 'textContent' does not exist on type '\{\}'.\
7.424 src/order-history-service.ts(1927,41): error TS2339: Property 'textContent' does not exist on type '\{\}'.\
7.424 src/order-history-service.ts(1928,43): error TS2339: Property 'textContent' does not exist on type '\{\}'.\
7.424 src/order-history-service.ts(1948,44): error TS2339: Property 'querySelector' does not exist on type '\{\}'.\
7.424 src/order-history-service.ts(2006,23): error TS2584: Cannot find name 'document'. Do you need to change your target library? Try changing the 'lib' compiler option to include 'dom'.\
7.424 src/order-history-service.ts(2016,23): error TS2584: Cannot find name 'document'. Do you need to change your target library? Try changing the 'lib' compiler option to include 'dom'.\
7.424 src/order-history-service.ts(2018,21): error TS2304: Cannot find name 'HTMLElement'.\
7.424 src/order-history-service.ts(2087,23): error TS2584: Cannot find name 'document'. Do you need to change your target library? Try changing the 'lib' compiler option to include 'dom'.\
7.424 src/order-history-service.ts(2100,11): error TS2584: Cannot find name 'document'. Do you need to change your target library? Try changing the 'lib' compiler option to include 'dom'.\
7.424 src/order-history-service.ts(2106,24): error TS18046: 'button' is of type 'unknown'.\
7.424 src/order-history-service.ts(2108,24): error TS2304: Cannot find name 'HTMLElement'.\
7.424 src/order-history-service.ts(2115,11): error TS2584: Cannot find name 'document'. Do you need to change your target library? Try changing the 'lib' compiler option to include 'dom'.\
7.424 src/order-history-service.ts(2119,24): error TS18046: 'btn' is of type 'unknown'.\
7.424 src/order-history-service.ts(2121,21): error TS2304: Cannot find name 'HTMLElement'.\
7.424 src/order-history-service.ts(2128,11): error TS2584: Cannot find name 'document'. Do you need to change your target library? Try changing the 'lib' compiler option to include 'dom'.\
7.424 src/order-history-service.ts(2132,15): error TS18046: 'elem' is of type 'unknown'.\
7.424 src/order-history-service.ts(2133,22): error TS2304: Cannot find name 'HTMLElement'.\
7.424 src/order-history-service.ts(2156,9): error TS2304: Cannot find name 'window'.\
7.424 src/order-history-service.ts(2162,9): error TS2304: Cannot find name 'window'.\
7.424 src/order-history-service.ts(2169,26): error TS2584: Cannot find name 'document'. Do you need to change your target library? Try changing the 'lib' compiler option to include 'dom'.\
7.424 src/order-state-service.spec.ts(9,78): error TS2322: Type '\{ id: string; userId: string; orderNumber: string; customerProfileId: string; customerName: string; deliveryName: string; deliveryAddress: string; creationDate: string; deliveryDate: string; ... 34 more ...; invoiceAmount?: number | ... 1 more ... | undefined; \}' is not assignable to type 'StoredOrder'.\
7.424   Types of property 'remainingSalesFinancial' are incompatible.\
7.424     Type 'string | null | undefined' is not assignable to type 'string | null'.\
7.424       Type 'undefined' is not assignable to type 'string | null'.\
7.424 src/order-state-sync-service.spec.ts(49,78): error TS2322: Type '\{ id: string; userId: string; orderNumber: string; customerProfileId: string; customerName: string; deliveryName: string; deliveryAddress: string; creationDate: string; deliveryDate: string; ... 34 more ...; invoiceAmount?: number | ... 1 more ... | undefined; \}' is not assignable to type 'StoredOrder'.\
7.424   Types of property 'remainingSalesFinancial' are incompatible.\
7.424     Type 'string | null | undefined' is not assignable to type 'string | null'.\
7.424       Type 'undefined' is not assignable to type 'string | null'.\
7.424 src/price-sync-service.test.ts(35,41): error TS2345: Argument of type '"acquire"' is not assignable to parameter of type 'keyof BrowserPool'.\
7.424 src/price-sync-service.test.ts(35,70): error TS2345: Argument of type '\{ page: Page; \}' is not assignable to parameter of type 'never'.\
7.424 src/price-sync-service.test.ts(36,41): error TS2345: Argument of type '"release"' is not assignable to parameter of type 'keyof BrowserPool'.\
7.424 src/price-sync-service.test.ts(36,70): error TS2345: Argument of type 'undefined' is not assignable to parameter of type 'never'.\
7.424 src/price-sync-service.test.ts(209,38): error TS2339: Property 'acquire' does not exist on type 'BrowserPool'.\
7.424 src/price-sync-service.ts(248,11): error TS2584: Cannot find name 'document'. Do you need to change your target library? Try changing the 'lib' compiler option to include 'dom'.\
7.424 src/price-sync-service.ts(257,38): error TS18046: 'container' is of type 'unknown'.\
7.424 src/price-sync-service.ts(259,37): error TS2304: Cannot find name 'Element'.\
7.424 src/price-sync-service.ts(307,15): error TS2584: Cannot find name 'document'. Do you need to change your target library? Try changing the 'lib' compiler option to include 'dom'.\
7.424 src/price-sync-service.ts(308,15): error TS2584: Cannot find name 'document'. Do you need to change your target library? Try changing the 'lib' compiler option to include 'dom'.\
7.424 src/price-sync-service.ts(311,44): error TS2584: Cannot find name 'document'. Do you need to change your target library? Try changing the 'lib' compiler option to include 'dom'.\
7.424 src/price-sync-service.ts(314,34): error TS18046: 'table' is of type 'unknown'.\
7.424 src/price-sync-service.ts(328,18): error TS2304: Cannot find name 'Element'.\
7.424 src/price-sync-service.ts(338,71): error TS2304: Cannot find name 'Element'.\
7.424 src/price-sync-service.ts(348,30): error TS2304: Cannot find name 'Element'.\
7.424 src/price-sync-service.ts(378,37): error TS2304: Cannot find name 'Element'.\
7.424 src/price-sync-service.ts(462,24): error TS2345: Argument of type '\{ itemSelection: string; itemDescription: string; price: number; \}' is not assignable to parameter of type '\{ productId: string; price: number; \}'.\
7.424   Property 'productId' is missing in type '\{ itemSelection: string; itemDescription: string; price: number; \}' but required in type '\{ productId: string; price: number; \}'.\
7.424 src/price-sync-service.ts(576,15): error TS2584: Cannot find name 'document'. Do you need to change your target library? Try changing the 'lib' compiler option to include 'dom'.\
7.424 src/price-sync-service.ts(578,35): error TS2304: Cannot find name 'Element'.\
7.424 src/price-sync-service.ts(583,34): error TS2304: Cannot find name 'HTMLElement'.\
7.424 src/price-sync-service.ts(593,15): error TS2584: Cannot find name 'document'. Do you need to change your target library? Try changing the 'lib' compiler option to include 'dom'.\
7.424 src/price-sync-service.ts(594,15): error TS2584: Cannot find name 'document'. Do you need to change your target library? Try changing the 'lib' compiler option to include 'dom'.\
7.424 src/price-sync-service.ts(600,26): error TS2304: Cannot find name 'HTMLElement'.\
7.424 src/price-sync-service.ts(607,33): error TS2304: Cannot find name 'HTMLElement'.\
7.424 src/price-sync-service.ts(635,57): error TS2554: Expected 1 arguments, but got 2.\
7.424 src/product-sync-service.test.ts(35,41): error TS2345: Argument of type '"acquire"' is not assignable to parameter of type 'keyof BrowserPool'.\
7.424 src/product-sync-service.test.ts(35,70): error TS2345: Argument of type '\{ page: Page; \}' is not assignable to parameter of type 'never'.\
7.424 src/product-sync-service.test.ts(36,41): error TS2345: Argument of type '"release"' is not assignable to parameter of type 'keyof BrowserPool'.\
7.424 src/product-sync-service.test.ts(36,70): error TS2345: Argument of type 'undefined' is not assignable to parameter of type 'never'.\
7.424 src/product-sync-service.test.ts(212,38): error TS2339: Property 'acquire' does not exist on type 'BrowserPool'.\
7.424 src/product-sync-service.ts(238,11): error TS2584: Cannot find name 'document'. Do you need to change your target library? Try changing the 'lib' compiler option to include 'dom'.\
7.424 src/product-sync-service.ts(241,36): error TS2304: Cannot find name 'HTMLInputElement'.\
7.424 src/product-sync-service.ts(247,19): error TS2304: Cannot find name 'KeyboardEvent'.\
7.424 src/product-sync-service.ts(260,11): error TS2584: Cannot find name 'document'. Do you need to change your target library? Try changing the 'lib' compiler option to include 'dom'.\
7.424 src/product-sync-service.ts(262,31): error TS2304: Cannot find name 'Element'.\
7.424 src/product-sync-service.ts(268,29): error TS2304: Cannot find name 'HTMLElement'.\
7.424 src/product-sync-service.ts(286,13): error TS2584: Cannot find name 'document'. Do you need to change your target library? Try changing the 'lib' compiler option to include 'dom'.\
7.424 src/product-sync-service.ts(288,33): error TS2304: Cannot find name 'Element'.\
7.424 src/product-sync-service.ts(293,31): error TS2304: Cannot find name 'HTMLElement'.\
7.424 src/product-sync-service.ts(300,31): error TS2304: Cannot find name 'HTMLElement'.\
7.424 src/product-sync-service.ts(336,11): error TS2584: Cannot find name 'document'. Do you need to change your target library? Try changing the 'lib' compiler option to include 'dom'.\
7.424 src/product-sync-service.ts(346,38): error TS18046: 'container' is of type 'unknown'.\
7.424 src/product-sync-service.ts(348,37): error TS2304: Cannot find name 'Element'.\
7.424 src/product-sync-service.ts(404,13): error TS2584: Cannot find name 'document'. Do you need to change your target library? Try changing the 'lib' compiler option to include 'dom'.\
7.424 src/product-sync-service.ts(405,13): error TS2584: Cannot find name 'document'. Do you need to change your target library? Try changing the 'lib' compiler option to include 'dom'.\
7.424 src/product-sync-service.ts(409,42): error TS2584: Cannot find name 'document'. Do you need to change your target library? Try changing the 'lib' compiler option to include 'dom'.\
7.424 src/product-sync-service.ts(412,32): error TS18046: 'table' is of type 'unknown'.\
7.424 src/product-sync-service.ts(426,16): error TS2304: Cannot find name 'Element'.\
7.424 src/product-sync-service.ts(443,69): error TS2304: Cannot find name 'Element'.\
7.424 src/product-sync-service.ts(447,44): error TS2304: Cannot find name 'Element'.\
7.424 src/product-sync-service.ts(449,28): error TS2304: Cannot find name 'Element'.\
7.424 src/product-sync-service.ts(451,28): error TS2304: Cannot find name 'Element'.\
7.424 src/product-sync-service.ts(452,44): error TS2304: Cannot find name 'Element'.\
7.424 src/product-sync-service.ts(455,28): error TS2304: Cannot find name 'Element'.\
7.424 src/product-sync-service.ts(456,45): error TS2304: Cannot find name 'Element'.\
7.424 src/product-sync-service.ts(457,44): error TS2304: Cannot find name 'Element'.\
7.424 src/product-sync-service.ts(459,29): error TS2304: Cannot find name 'Element'.\
7.424 src/product-sync-service.ts(461,29): error TS2304: Cannot find name 'Element'.\
7.424 src/product-sync-service.ts(462,45): error TS2304: Cannot find name 'Element'.\
7.424 src/product-sync-service.ts(464,29): error TS2304: Cannot find name 'Element'.\
7.424 src/product-sync-service.ts(465,45): error TS2304: Cannot find name 'Element'.\
7.424 src/product-sync-service.ts(548,15): error TS2584: Cannot find name 'document'. Do you need to change your target library? Try changing the 'lib' compiler option to include 'dom'.\
7.424 src/product-sync-service.ts(550,35): error TS2304: Cannot find name 'Element'.\
7.424 src/product-sync-service.ts(556,34): error TS2304: Cannot find name 'HTMLElement'.\
7.424 src/product-sync-service.ts(569,15): error TS2584: Cannot find name 'document'. Do you need to change your target library? Try changing the 'lib' compiler option to include 'dom'.\
7.424 src/product-sync-service.ts(571,33): error TS2304: Cannot find name 'HTMLInputElement'.\
7.424 src/product-sync-service.ts(577,38): error TS2304: Cannot find name 'HTMLInputElement'.\
7.424 src/product-sync-service.ts(587,23): error TS2304: Cannot find name 'KeyboardEvent'.\
7.424 src/product-sync-service.ts(590,23): error TS2304: Cannot find name 'KeyboardEvent'.\
7.424 src/product-sync-service.ts(598,15): error TS2584: Cannot find name 'document'. Do you need to change your target library? Try changing the 'lib' compiler option to include 'dom'.\
7.424 src/product-sync-service.ts(599,15): error TS2584: Cannot find name 'document'. Do you need to change your target library? Try changing the 'lib' compiler option to include 'dom'.\
7.424 src/product-sync-service.ts(600,15): error TS2584: Cannot find name 'document'. Do you need to change your target library? Try changing the 'lib' compiler option to include 'dom'.\
7.424 src/product-sync-service.ts(601,15): error TS2584: Cannot find name 'document'. Do you need to change your target library? Try changing the 'lib' compiler option to include 'dom'.\
7.424 src/product-sync-service.ts(602,15): error TS2584: Cannot find name 'document'. Do you need to change your target library? Try changing the 'lib' compiler option to include 'dom'.\
7.424 src/product-sync-service.ts(603,15): error TS2584: Cannot find name 'document'. Do you need to change your target library? Try changing the 'lib' compiler option to include 'dom'.\
7.424 src/product-sync-service.ts(609,26): error TS2304: Cannot find name 'HTMLElement'.\
7.424 src/product-sync-service.ts(619,33): error TS2304: Cannot find name 'HTMLElement'.\
7.424 src/product-sync-service.ts(655,59): error TS2554: Expected 1 arguments, but got 2.\
7.424 src/queue-manager.ts(53,5): error TS2322: Type 'Queue<OrderJobData, OrderJobResult, string, ExtractDataType<DataTypeOrJob, DataTypeOrJob>, ExtractResultType<...>, ExtractNameType<...>>' is not assignable to type 'Queue<OrderJobData, OrderJobResult, string, OrderJobData, OrderJobResult, string>'.\
7.424   Types of property 'add' are incompatible.\
7.424     Type '(name: ExtractNameType<DataTypeOrJob, DefaultNameType>, data: ExtractDataType<DataTypeOrJob, DataTypeOrJob>, opts?: JobsOptions | undefined) => Promise<...>' is not assignable to type '(name: string, data: OrderJobData, opts?: JobsOptions | undefined) => Promise<Job<OrderJobData, OrderJobResult, string>>'.\
7.424       Types of parameters 'data' and 'data' are incompatible.\
7.424         Type 'OrderJobData' is not assignable to type 'ExtractDataType<DataTypeOrJob, DataTypeOrJob>'.\
7.424 src/queue-manager.ts(54,7): error TS2322: Type 'Redis' is not assignable to type 'ConnectionOptions'.\
7.424   Type 'Redis' is not assignable to type 'ClusterOptions | Redis | Cluster'.\
7.424     Type 'import("/app/node_modules/ioredis/built/Redis").default' is not assignable to type 'import("/app/node_modules/bullmq/node_modules/ioredis/built/Redis").default'.\
7.424       Types of property 'options' are incompatible.\
7.424         Type 'import("/app/node_modules/ioredis/built/redis/RedisOptions").RedisOptions' is not assignable to type 'import("/app/node_modules/bullmq/node_modules/ioredis/built/redis/RedisOptions").RedisOptions'.\
7.424           Type 'RedisOptions' is not assignable to type 'CommonRedisOptions'.\
7.424             Types of property 'Connector' are incompatible.\
7.424               Type 'import("/app/node_modules/ioredis/built/connectors/ConnectorConstructor").default | undefined' is not assignable to type 'import("/app/node_modules/bullmq/node_modules/ioredis/built/connectors/ConnectorConstructor").default | undefined'.\
7.424                 Type 'import("/app/node_modules/ioredis/built/connectors/ConnectorConstructor").default' is not assignable to type 'import("/app/node_modules/bullmq/node_modules/ioredis/built/connectors/ConnectorConstructor").default'.\
7.424                   Type 'import("/app/node_modules/ioredis/built/connectors/AbstractConnector").default' is not assignable to type 'import("/app/node_modules/bullmq/node_modules/ioredis/built/connectors/AbstractConnector").default'.\
7.424                     Property 'connecting' is protected but type 'AbstractConnector' is not a class derived from 'AbstractConnector'.\
7.424 src/queue-manager.ts(103,28): error TS2341: Property 'initialize' is private and only accessible within class 'BrowserPool'.\
7.424 src/queue-manager.ts(111,9): error TS2322: Type 'Redis' is not assignable to type 'ConnectionOptions'.\
7.424   Type 'Redis' is not assignable to type 'ClusterOptions | Redis | Cluster'.\
7.424     Type 'import("/app/node_modules/ioredis/built/Redis").default' is not assignable to type 'import("/app/node_modules/bullmq/node_modules/ioredis/built/Redis").default'.\
7.424       Types of property 'options' are incompatible.\
7.424         Type 'import("/app/node_modules/ioredis/built/redis/RedisOptions").RedisOptions' is not assignable to type 'import("/app/node_modules/bullmq/node_modules/ioredis/built/redis/RedisOptions").RedisOptions'.\
7.424           Type 'RedisOptions' is not assignable to type 'CommonRedisOptions'.\
7.424             Types of property 'Connector' are incompatible.\
7.424               Type 'import("/app/node_modules/ioredis/built/connectors/ConnectorConstructor").default | undefined' is not assignable to type 'import("/app/node_modules/bullmq/node_modules/ioredis/built/connectors/ConnectorConstructor").default | undefined'.\
7.424                 Type 'import("/app/node_modules/ioredis/built/connectors/ConnectorConstructor").default' is not assignable to type 'import("/app/node_modules/bullmq/node_modules/ioredis/built/connectors/ConnectorConstructor").default'.\
7.424                   Type 'import("/app/node_modules/ioredis/built/connectors/AbstractConnector").default' is not assignable to type 'import("/app/node_modules/bullmq/node_modules/ioredis/built/connectors/AbstractConnector").default'.\
7.424                     Property 'connecting' is protected but type 'AbstractConnector' is not a class derived from 'AbstractConnector'.\
7.424 src/queue-manager.ts(136,7): error TS2345: Argument of type '(job: Job<OrderJobData, OrderJobResult>, progress: number | object) => void' is not assignable to parameter of type '(job: Job<OrderJobData, OrderJobResult, string>, progress: JobProgress) => void'.\
7.424   Types of parameters 'progress' and 'progress' are incompatible.\
7.424     Type 'JobProgress' is not assignable to type 'number | object'.\
7.424       Type 'string' is not assignable to type 'number | object'.\
7.424 src/queue-manager.ts(284,34): error TS7006: Parameter 'err' implicitly has an 'any' type.\
7.424 src/queue-manager.ts(389,7): error TS2322: Type 'string | number | true | object | undefined' is not assignable to type 'number | object | undefined'.\
7.424   Type 'string' is not assignable to type 'number | object | undefined'.\
7.424 src/research-ddt-invoice.ts(42,20): error TS2584: Cannot find name 'document'. Do you need to change your target library? Try changing the 'lib' compiler option to include 'dom'.\
7.424 src/research-ddt-invoice.ts(47,23): error TS18046: 'row' is of type 'unknown'.\
7.424 src/research-ddt-invoice.ts(99,23): error TS2584: Cannot find name 'document'. Do you need to change your target library? Try changing the 'lib' compiler option to include 'dom'.\
7.424 src/research-ddt-invoice.ts(99,97): error TS2304: Cannot find name 'HTMLTableElement'.\
7.424 src/research-ddt-invoice.ts(111,13): error TS18046: 'h' is of type 'unknown'.\
7.424 src/research-ddt-invoice.ts(112,27): error TS18046: 'h' is of type 'unknown'.\
7.424 src/research-ddt-invoice.ts(118,32): error TS18046: 'row' is of type 'unknown'.\
7.424 src/research-ddt-invoice.ts(123,17): error TS18046: 'cell' is of type 'unknown'.\
7.424 src/research-ddt-invoice.ts(124,20): error TS18046: 'cell' is of type 'unknown'.\
7.424 src/research-ddt-invoice.ts(125,21): error TS18046: 'cell' is of type 'unknown'.\
7.424 src/research-ddt-invoice.ts(126,21): error TS18046: 'cell' is of type 'unknown'.\
7.424 src/research-ddt-invoice.ts(135,22): error TS18046: 'link' is of type 'unknown'.\
7.424 src/research-ddt-invoice.ts(145,15): error TS18046: 'link' is of type 'unknown'.\
7.424 src/research-ddt-invoice.ts(146,15): error TS18046: 'link' is of type 'unknown'.\
7.424 src/research-ddt-invoice.ts(147,16): error TS18046: 'link' is of type 'unknown'.\
7.424 src/research-ddt-invoice.ts(161,35): error TS2584: Cannot find name 'document'. Do you need to change your target library? Try changing the 'lib' compiler option to include 'dom'.\
7.424 src/research-ddt-invoice.ts(166,36): error TS2339: Property 'textContent' does not exist on type '\{\}'.\
7.424 src/research-ddt-invoice.ts(256,23): error TS2584: Cannot find name 'document'. Do you need to change your target library? Try changing the 'lib' compiler option to include 'dom'.\
7.424 src/research-ddt-invoice.ts(256,97): error TS2304: Cannot find name 'HTMLTableElement'.\
7.424 src/research-ddt-invoice.ts(268,13): error TS18046: 'h' is of type 'unknown'.\
7.424 src/research-ddt-invoice.ts(269,27): error TS18046: 'h' is of type 'unknown'.\
7.424 src/research-ddt-invoice.ts(275,32): error TS18046: 'row' is of type 'unknown'.\
7.424 src/research-ddt-invoice.ts(280,17): error TS18046: 'cell' is of type 'unknown'.\
7.424 src/research-ddt-invoice.ts(281,20): error TS18046: 'cell' is of type 'unknown'.\
7.424 src/research-ddt-invoice.ts(282,21): error TS18046: 'cell' is of type 'unknown'.\
7.424 src/research-ddt-invoice.ts(283,21): error TS18046: 'cell' is of type 'unknown'.\
7.424 src/research-ddt-invoice.ts(284,22): error TS18046: 'cell' is of type 'unknown'.\
7.424 src/research-ddt-invoice.ts(284,63): error TS18046: 'cell' is of type 'unknown'.\
7.424 src/research-ddt-invoice.ts(286,28): error TS18046: 'cell' is of type 'unknown'.\
7.424 src/research-ddt-invoice.ts(287,25): error TS18046: 'cell' is of type 'unknown'.\
7.424 src/research-ddt-invoice.ts(312,22): error TS18046: 'elem' is of type 'unknown'.\
7.426 src/research-ddt-invoice.ts(313,21): error TS18046: 'elem' is of type 'unknown'.\
7.426 src/research-ddt-invoice.ts(314,23): error TS18046: 'elem' is of type 'unknown'.\
7.426 src/research-ddt-invoice.ts(315,22): error TS18046: 'elem' is of type 'unknown'.\
7.426 src/research-ddt-invoice.ts(328,18): error TS18046: 'elem' is of type 'unknown'.\
7.426 src/research-ddt-invoice.ts(329,15): error TS18046: 'elem' is of type 'unknown'.\
7.430 src/research-ddt-invoice.ts(330,15): error TS18046: 'elem' is of type 'unknown'.\
7.430 src/research-ddt-invoice.ts(331,14): error TS18046: 'elem' is of type 'unknown'.\
7.430 src/research-ddt-invoice.ts(332,16): error TS18046: 'elem' is of type 'unknown'.\
7.430 src/research-ddt-invoice.ts(333,18): error TS18046: 'elem' is of type 'unknown'.\
7.430 src/research-ddt-invoice.ts(347,35): error TS2584: Cannot find name 'document'. Do you need to change your target library? Try changing the 'lib' compiler option to include 'dom'.\
7.430 src/research-ddt-invoice.ts(352,36): error TS2339: Property 'textContent' does not exist on type '\{\}'.\
7.430 src/research-order-detail.ts(61,16): error TS2339: Property 'waitForTimeout' does not exist on type 'Page'.\
7.430 src/research-order-detail.ts(74,14): error TS2304: Cannot find name 'window'.\
7.430 src/research-order-detail.ts(75,16): error TS2584: Cannot find name 'document'. Do you need to change your target library? Try changing the 'lib' compiler option to include 'dom'.\
7.430 src/research-order-detail.ts(84,7): error TS2584: Cannot find name 'document'. Do you need to change your target library? Try changing the 'lib' compiler option to include 'dom'.\
7.430 src/research-order-detail.ts(84,67): error TS7006: Parameter 'h' implicitly has an 'any' type.\
7.430 src/research-order-detail.ts(89,7): error TS2584: Cannot find name 'document'. Do you need to change your target library? Try changing the 'lib' compiler option to include 'dom'.\
7.431 src/research-order-detail.ts(89,94): error TS7006: Parameter 'label' implicitly has an 'any' type.\
7.431 src/research-order-detail.ts(97,24): error TS2584: Cannot find name 'document'. Do you need to change your target library? Try changing the 'lib' compiler option to include 'dom'.\
7.431 src/research-order-detail.ts(107,7): error TS2584: Cannot find name 'document'. Do you need to change your target library? Try changing the 'lib' compiler option to include 'dom'.\
7.431 src/research-order-detail.ts(107,51): error TS7006: Parameter 'table' implicitly has an 'any' type.\
7.431 src/research-order-detail.ts(107,58): error TS7006: Parameter 'index' implicitly has an 'any' type.\
7.431 src/research-order-detail.ts(109,17): error TS18046: 'th' is of type 'unknown'.\
7.431 src/research-order-detail.ts(112,29): error TS18046: 'tr' is of type 'unknown'.\
7.431 src/research-order-detail.ts(112,66): error TS18046: 'td' is of type 'unknown'.\
7.431 src/research-order-detail.ts(127,7): error TS2584: Cannot find name 'document'. Do you need to change your target library? Try changing the 'lib' compiler option to include 'dom'.\
7.431 src/research-order-detail.ts(198,5): error TS1343: The 'import.meta' meta-property is only allowed when the '--module' option is 'es2020', 'es2022', 'esnext', 'system', 'node16', 'node18', 'node20', or 'nodenext'.\
7.431 src/scripts/analyze-ddt-fields.ts(20,11): error TS18047: 'bot.page' is possibly 'null'.\
7.431 src/scripts/analyze-ddt-fields.ts(27,28): error TS18047: 'bot.page' is possibly 'null'.\
7.431 src/scripts/analyze-ddt-fields.ts(28,21): error TS2584: Cannot find name 'document'. Do you need to change your target library? Try changing the 'lib' compiler option to include 'dom'.\
7.431 src/scripts/analyze-ddt-fields.ts(40,34): error TS18046: 'row' is of type 'unknown'.\
7.431 src/scripts/analyze-ddt-fields.ts(42,40): error TS2339: Property 'textContent' does not exist on type '\{\}'.\
7.431 src/scripts/analyze-ddt-fields.ts(46,32): error TS2339: Property 'textContent' does not exist on type '\{\}'.\
7.431 src/scripts/analyze-ddt-fields.ts(47,30): error TS2339: Property 'textContent' does not exist on type '\{\}'.\
7.431 src/scripts/analyze-ddt-fields.ts(48,36): error TS2339: Property 'textContent' does not exist on type '\{\}'.\
7.431 src/scripts/analyze-ddt-fields.ts(50,30): error TS2339: Property 'textContent' does not exist on type '\{\}'.\
7.431 src/scripts/analyze-ddt-fields.ts(51,30): error TS2339: Property 'textContent' does not exist on type '\{\}'.\
7.431 src/scripts/analyze-ddt-fields.ts(52,38): error TS2339: Property 'textContent' does not exist on type '\{\}'.\
7.431 src/scripts/analyze-ddt-fields.ts(53,38): error TS2339: Property 'textContent' does not exist on type '\{\}'.\
7.431 src/scripts/analyze-ddt-fields.ts(54,29): error TS2339: Property 'textContent' does not exist on type '\{\}'.\
7.431 src/scripts/debug-ddt-all-cells.ts(22,11): error TS18047: 'bot.page' is possibly 'null'.\
7.431 src/scripts/debug-ddt-all-cells.ts(29,28): error TS18047: 'bot.page' is possibly 'null'.\
7.431 src/scripts/debug-ddt-all-cells.ts(30,21): error TS2584: Cannot find name 'document'. Do you need to change your target library? Try changing the 'lib' compiler option to include 'dom'.\
7.431 src/scripts/debug-ddt-all-cells.ts(41,32): error TS18046: 'firstRow' is of type 'unknown'.\
7.431 src/scripts/debug-ddt-all-cells.ts(48,22): error TS18046: 'cell' is of type 'unknown'.\
7.431 src/scripts/debug-ddt-table.ts(22,11): error TS18047: 'bot.page' is possibly 'null'.\
7.431 src/scripts/debug-ddt-table.ts(29,29): error TS18047: 'bot.page' is possibly 'null'.\
7.431 src/scripts/debug-ddt-table.ts(31,36): error TS2584: Cannot find name 'document'. Do you need to change your target library? Try changing the 'lib' compiler option to include 'dom'.\
7.431 src/scripts/debug-ddt-table.ts(32,37): error TS2584: Cannot find name 'document'. Do you need to change your target library? Try changing the 'lib' compiler option to include 'dom'.\
7.431 src/scripts/debug-ddt-table.ts(37,21): error TS2584: Cannot find name 'document'. Do you need to change your target library? Try changing the 'lib' compiler option to include 'dom'.\
7.431 src/scripts/debug-ddt-table.ts(59,34): error TS18046: 'row' is of type 'unknown'.\
7.431 src/scripts/debug-ddt-table.ts(60,42): error TS18046: 'c' is of type 'unknown'.\
7.431 src/scripts/debug-ddt-table.ts(64,22): error TS18046: 'row' is of type 'unknown'.\
7.431 src/scripts/debug-table-structure.ts(22,11): error TS18047: 'bot.page' is possibly 'null'.\
7.431 src/scripts/debug-table-structure.ts(29,29): error TS18047: 'bot.page' is possibly 'null'.\
7.431 src/scripts/debug-table-structure.ts(31,36): error TS2584: Cannot find name 'document'. Do you need to change your target library? Try changing the 'lib' compiler option to include 'dom'.\
7.431 src/scripts/debug-table-structure.ts(32,37): error TS2584: Cannot find name 'document'. Do you need to change your target library? Try changing the 'lib' compiler option to include 'dom'.\
7.431 src/scripts/debug-table-structure.ts(33,39): error TS2584: Cannot find name 'document'. Do you need to change your target library? Try changing the 'lib' compiler option to include 'dom'.\
7.432 src/scripts/debug-table-structure.ts(39,21): error TS2584: Cannot find name 'document'. Do you need to change your target library? Try changing the 'lib' compiler option to include 'dom'.\
7.432 src/scripts/debug-table-structure.ts(62,34): error TS18046: 'row' is of type 'unknown'.\
7.432 src/scripts/debug-table-structure.ts(64,55): error TS18046: 'c' is of type 'unknown'.\
7.432 src/scripts/debug-table-structure.ts(68,22): error TS18046: 'row' is of type 'unknown'.\
7.432 src/scripts/debug-table-structure.ts(69,20): error TS18046: 'row' is of type 'unknown'.\
7.432 src/scripts/debug-table-structure.ts(71,36): error TS2339: Property 'textContent' does not exist on type '\{\}'.\
7.432 src/scripts/debug-table-structure.ts(72,49): error TS18046: 'c' is of type 'unknown'.\
7.432 src/scripts/debug-table-structure.ts(82,34): error TS18046: 'row' is of type 'unknown'.\
7.432 src/scripts/debug-table-structure.ts(83,42): error TS18046: 'c' is of type 'unknown'.\
7.432 src/scripts/debug-table-structure.ts(87,22): error TS18046: 'row' is of type 'unknown'.\
7.432 src/scripts/extract-all-22-cells.ts(19,11): error TS18047: 'bot.page' is possibly 'null'.\
7.432 src/scripts/extract-all-22-cells.ts(26,26): error TS18047: 'bot.page' is possibly 'null'.\
7.432 src/scripts/extract-all-22-cells.ts(27,21): error TS2584: Cannot find name 'document'. Do you need to change your target library? Try changing the 'lib' compiler option to include 'dom'.\
7.432 src/scripts/extract-all-22-cells.ts(34,32): error TS18046: 'firstRow' is of type 'unknown'.\
7.432 src/scripts/extract-all-22-cells.ts(41,22): error TS18046: 'cell' is of type 'unknown'.\
7.432 src/scripts/final-ddt-mapping.ts(19,11): error TS18047: 'bot.page' is possibly 'null'.\
7.432 src/scripts/final-ddt-mapping.ts(26,26): error TS18047: 'bot.page' is possibly 'null'.\
7.432 src/scripts/final-ddt-mapping.ts(27,21): error TS2584: Cannot find name 'document'. Do you need to change your target library? Try changing the 'lib' compiler option to include 'dom'.\
7.432 src/scripts/final-ddt-mapping.ts(36,38): error TS18046: 'headerRow' is of type 'unknown'.\
7.432 src/scripts/final-ddt-mapping.ts(43,22): error TS18046: 'cell' is of type 'unknown'.\
7.432 src/scripts/final-ddt-mapping.ts(53,36): error TS18046: 'firstDataRow' is of type 'unknown'.\
7.432 src/scripts/final-ddt-mapping.ts(60,22): error TS18046: 'cell' is of type 'unknown'.\
7.432 src/scripts/find-common-match-field.ts(24,11): error TS18047: 'bot.page' is possibly 'null'.\
7.432 src/scripts/find-common-match-field.ts(31,29): error TS18047: 'bot.page' is possibly 'null'.\
7.432 src/scripts/find-common-match-field.ts(32,21): error TS2584: Cannot find name 'document'. Do you need to change your target library? Try changing the 'lib' compiler option to include 'dom'.\
7.432 src/scripts/find-common-match-field.ts(39,34): error TS2571: Object is of type 'unknown'.\
7.432 src/scripts/find-common-match-field.ts(43,25): error TS2339: Property 'textContent' does not exist on type '\{\}'.\
7.435 src/scripts/find-common-match-field.ts(44,34): error TS2339: Property 'textContent' does not exist on type '\{\}'.\
7.435 src/scripts/find-common-match-field.ts(45,40): error TS2339: Property 'textContent' does not exist on type '\{\}'.\
7.435 src/scripts/find-common-match-field.ts(46,35): error TS2339: Property 'textContent' does not exist on type '\{\}'.\
7.435 src/scripts/find-common-match-field.ts(71,11): error TS18047: 'bot.page' is possibly 'null'.\
7.435 src/scripts/find-common-match-field.ts(78,27): error TS18047: 'bot.page' is possibly 'null'.\
7.435 src/scripts/find-common-match-field.ts(79,21): error TS2584: Cannot find name 'document'. Do you need to change your target library? Try changing the 'lib' compiler option to include 'dom'.\
7.435 src/scripts/find-common-match-field.ts(86,34): error TS2571: Object is of type 'unknown'.\
7.435 src/scripts/find-common-match-field.ts(90,28): error TS2339: Property 'textContent' does not exist on type '\{\}'.\
7.435 src/scripts/find-common-match-field.ts(91,32): error TS2339: Property 'textContent' does not exist on type '\{\}'.\
7.435 src/scripts/find-common-match-field.ts(92,35): error TS2339: Property 'textContent' does not exist on type '\{\}'.\
7.435 src/scripts/find-common-match-field.ts(93,30): error TS2339: Property 'textContent' does not exist on type '\{\}'.\
7.435 src/scripts/find-common-match-field.ts(94,39): error TS2339: Property 'textContent' does not exist on type '\{\}'.\
7.435 src/scripts/find-common-match-field.ts(95,33): error TS2339: Property 'textContent' does not exist on type '\{\}'.\
7.435 src/scripts/identify-all-11-columns-pattern.ts(19,11): error TS18047: 'bot.page' is possibly 'null'.\
7.435 src/scripts/identify-all-11-columns-pattern.ts(26,26): error TS18047: 'bot.page' is possibly 'null'.\
7.435 src/scripts/identify-all-11-columns-pattern.ts(27,21): error TS2584: Cannot find name 'document'. Do you need to change your target library? Try changing the 'lib' compiler option to include 'dom'.\
7.435 src/scripts/identify-all-11-columns-pattern.ts(41,34): error TS18046: 'row' is of type 'unknown'.\
7.435 src/scripts/identify-all-11-columns-pattern.ts(46,24): error TS18046: 'cell' is of type 'unknown'.\
7.435 src/scripts/inspect-ddt-headers.ts(19,11): error TS18047: 'bot.page' is possibly 'null'.\
7.435 src/scripts/inspect-ddt-headers.ts(26,34): error TS18047: 'bot.page' is possibly 'null'.\
7.435 src/scripts/inspect-ddt-headers.ts(27,21): error TS2584: Cannot find name 'document'. Do you need to change your target library? Try changing the 'lib' compiler option to include 'dom'.\
7.435 src/scripts/inspect-ddt-headers.ts(44,22): error TS18046: 'header' is of type 'unknown'.\
7.435 src/scripts/inspect-ddt-table-full.ts(19,11): error TS18047: 'bot.page' is possibly 'null'.\
7.435 src/scripts/inspect-ddt-table-full.ts(26,28): error TS18047: 'bot.page' is possibly 'null'.\
7.435 src/scripts/inspect-ddt-table-full.ts(27,21): error TS2584: Cannot find name 'document'. Do you need to change your target library? Try changing the 'lib' compiler option to include 'dom'.\
7.435 src/scripts/inspect-ddt-table-full.ts(46,34): error TS18046: 'row' is of type 'unknown'.\
7.435 src/scripts/inspect-ddt-table-full.ts(48,55): error TS18046: 'c' is of type 'unknown'.\
7.435 src/scripts/inspect-ddt-table-full.ts(52,22): error TS18046: 'row' is of type 'unknown'.\
7.435 src/scripts/inspect-ddt-table-full.ts(54,49): error TS18046: 'c' is of type 'unknown'.\
7.435 src/scripts/map-ddt-columns-by-header.ts(19,11): error TS18047: 'bot.page' is possibly 'null'.\
7.435 src/scripts/map-ddt-columns-by-header.ts(26,26): error TS18047: 'bot.page' is possibly 'null'.\
7.435 src/scripts/map-ddt-columns-by-header.ts(27,21): error TS2584: Cannot find name 'document'. Do you need to change your target library? Try changing the 'lib' compiler option to include 'dom'.\
7.435 src/scripts/map-ddt-columns-by-header.ts(40,48): error TS2339: Property 'querySelectorAll' does not exist on type '\{\}'.\
7.435 src/scripts/map-ddt-columns-by-header.ts(47,22): error TS18046: 'cell' is of type 'unknown'.\
7.435 src/scripts/map-ddt-columns-by-header.ts(86,34): error TS18046: 'row' is of type 'unknown'.\
7.435 src/scripts/map-ddt-columns-by-header.ts(90,63): error TS2339: Property 'textContent' does not exist on type '\{\}'.\
7.435 src/scripts/map-ddt-columns-by-header.ts(95,36): error TS2339: Property 'textContent' does not exist on type '\{\}'.\
7.435 src/scripts/map-ddt-columns-by-header.ts(96,50): error TS2339: Property 'textContent' does not exist on type '\{\}'.\
7.435 src/scripts/map-ddt-columns-by-header.ts(97,56): error TS2339: Property 'textContent' does not exist on type '\{\}'.\
7.435 src/scripts/map-ddt-columns-by-header.ts(98,46): error TS2339: Property 'textContent' does not exist on type '\{\}'.\
7.435 src/scripts/map-ddt-columns-by-header.ts(99,62): error TS2339: Property 'textContent' does not exist on type '\{\}'.\
7.435 src/scripts/map-ddt-columns-by-header.ts(100,50): error TS2339: Property 'textContent' does not exist on type '\{\}'.\
7.435 src/scripts/map-ddt-columns-by-header.ts(101,56): error TS2339: Property 'textContent' does not exist on type '\{\}'.\
7.435 src/scripts/map-ddt-columns-by-header.ts(103,58): error TS2339: Property 'textContent' does not exist on type '\{\}'.\
7.435 src/scripts/map-ddt-columns-by-header.ts(104,60): error TS2339: Property 'textContent' does not exist on type '\{\}'.\
7.435 src/scripts/map-ddt-columns-by-header.ts(105,56): error TS2339: Property 'textContent' does not exist on type '\{\}'.\
7.435 src/scripts/test-column-extraction-fixed.ts(46,19): error TS2584: Cannot find name 'document'. Do you need to change your target library? Try changing the 'lib' compiler option to include 'dom'.\
7.435 src/scripts/test-column-extraction-fixed.ts(60,32): error TS18046: 'row' is of type 'unknown'.\
7.435 src/scripts/test-column-extraction-fixed.ts(65,28): error TS2339: Property 'textContent' does not exist on type '\{\}'.\
7.435 src/scripts/test-column-extraction-fixed.ts(66,37): error TS2339: Property 'textContent' does not exist on type '\{\}'.\
7.435 src/scripts/test-column-extraction-fixed.ts(67,43): error TS2339: Property 'textContent' does not exist on type '\{\}'.\
7.435 src/scripts/test-column-extraction-fixed.ts(68,38): error TS2339: Property 'textContent' does not exist on type '\{\}'.\
7.435 src/scripts/test-column-extraction-fixed.ts(69,38): error TS2339: Property 'textContent' does not exist on type '\{\}'.\
7.435 src/scripts/test-column-extraction-fixed.ts(70,41): error TS2339: Property 'textContent' does not exist on type '\{\}'.\
7.435 src/scripts/test-column-extraction-fixed.ts(71,38): error TS2339: Property 'textContent' does not exist on type '\{\}'.\
7.435 src/scripts/test-column-extraction-fixed.ts(72,38): error TS2339: Property 'textContent' does not exist on type '\{\}'.\
7.435 src/scripts/test-column-extraction-fixed.ts(73,50): error TS2339: Property 'textContent' does not exist on type '\{\}'.\
7.435 src/scripts/test-column-extraction-fixed.ts(74,44): error TS2339: Property 'textContent' does not exist on type '\{\}'.\
7.435 src/scripts/test-column-extraction-fixed.ts(75,39): error TS2339: Property 'textContent' does not exist on type '\{\}'.\
7.435 src/scripts/test-column-extraction-fixed.ts(76,37): error TS2339: Property 'textContent' does not exist on type '\{\}'.\
7.435 src/scripts/test-column-extraction-fixed.ts(77,42): error TS2339: Property 'textContent' does not exist on type '\{\}'.\
7.435 src/scripts/test-column-extraction-fixed.ts(78,39): error TS2339: Property 'textContent' does not exist on type '\{\}'.\
7.435 src/scripts/test-column-extraction-fixed.ts(79,42): error TS2339: Property 'textContent' does not exist on type '\{\}'.\
7.435 src/scripts/test-column-extraction-fixed.ts(80,40): error TS2339: Property 'textContent' does not exist on type '\{\}'.\
7.435 src/scripts/test-column-extraction-fixed.ts(81,42): error TS2339: Property 'textContent' does not exist on type '\{\}'.\
7.435 src/scripts/test-column-extraction-fixed.ts(82,43): error TS2339: Property 'textContent' does not exist on type '\{\}'.\
7.435 src/scripts/test-column-extraction-fixed.ts(83,39): error TS2339: Property 'textContent' does not exist on type '\{\}'.\
7.435 src/scripts/test-column-extraction-fixed.ts(84,39): error TS2339: Property 'textContent' does not exist on type '\{\}'.\
7.435 src/scripts/test-column-extraction-fixed.ts(136,52): error TS2345: Argument of type 'Page | null' is not assignable to parameter of type 'Page'.\
7.435   Type 'null' is not assignable to type 'Page'.\
7.435 src/scripts/test-column-extraction.ts(63,19): error TS2584: Cannot find name 'document'. Do you need to change your target library? Try changing the 'lib' compiler option to include 'dom'.\
7.435 src/scripts/test-column-extraction.ts(82,20): error TS18046: 'header' is of type 'unknown'.\
7.435 src/scripts/test-column-extraction.ts(159,32): error TS18046: 'row' is of type 'unknown'.\
7.435 src/scripts/test-column-extraction.ts(162,39): error TS2339: Property 'textContent' does not exist on type '\{\}'.\
7.435 src/scripts/test-column-extraction.ts(163,57): error TS2339: Property 'textContent' does not exist on type '\{\}'.\
7.435 src/scripts/test-column-extraction.ts(164,113): error TS2339: Property 'textContent' does not exist on type '\{\}'.\
7.435 src/scripts/test-column-extraction.ts(165,98): error TS2339: Property 'textContent' does not exist on type '\{\}'.\
7.435 src/scripts/test-column-extraction.ts(166,98): error TS2339: Property 'textContent' does not exist on type '\{\}'.\
7.435 src/scripts/test-column-extraction.ts(167,107): error TS2339: Property 'textContent' does not exist on type '\{\}'.\
7.435 src/scripts/test-column-extraction.ts(168,98): error TS2339: Property 'textContent' does not exist on type '\{\}'.\
7.435 src/scripts/test-column-extraction.ts(169,98): error TS2339: Property 'textContent' does not exist on type '\{\}'.\
7.435 src/scripts/test-column-extraction.ts(170,131): error TS2339: Property 'textContent' does not exist on type '\{\}'.\
7.435 src/scripts/test-column-extraction.ts(171,113): error TS2339: Property 'textContent' does not exist on type '\{\}'.\
7.435 src/scripts/test-column-extraction.ts(172,96): error TS2339: Property 'textContent' does not exist on type '\{\}'.\
7.435 src/scripts/test-column-extraction.ts(173,90): error TS2339: Property 'textContent' does not exist on type '\{\}'.\
7.435 src/scripts/test-column-extraction.ts(174,105): error TS2339: Property 'textContent' does not exist on type '\{\}'.\
7.435 src/scripts/test-column-extraction.ts(175,96): error TS2339: Property 'textContent' does not exist on type '\{\}'.\
7.435 src/scripts/test-column-extraction.ts(176,105): error TS2339: Property 'textContent' does not exist on type '\{\}'.\
7.435 src/scripts/test-column-extraction.ts(177,99): error TS2339: Property 'textContent' does not exist on type '\{\}'.\
7.435 src/scripts/test-column-extraction.ts(178,105): error TS2339: Property 'textContent' does not exist on type '\{\}'.\
7.435 src/scripts/test-column-extraction.ts(179,108): error TS2339: Property 'textContent' does not exist on type '\{\}'.\
7.435 src/scripts/test-column-extraction.ts(180,96): error TS2339: Property 'textContent' does not exist on type '\{\}'.\
7.435 src/scripts/test-column-extraction.ts(181,96): error TS2339: Property 'textContent' does not exist on type '\{\}'.\
7.435 src/scripts/test-column-extraction.ts(204,19): error TS2584: Cannot find name 'document'. Do you need to change your target library? Try changing the 'lib' compiler option to include 'dom'.\
7.435 src/scripts/test-column-extraction.ts(223,20): error TS18046: 'header' is of type 'unknown'.\
7.435 src/scripts/test-column-extraction.ts(273,32): error TS18046: 'row' is of type 'unknown'.\
7.435 src/scripts/test-column-extraction.ts(280,37): error TS2339: Property 'querySelector' does not exist on type '\{\}'.\
7.435 src/scripts/test-column-extraction.ts(284,41): error TS2339: Property 'textContent' does not exist on type '\{\}'.\
7.435 src/scripts/test-column-extraction.ts(290,77): error TS2339: Property 'textContent' does not exist on type '\{\}'.\
7.435 src/scripts/test-column-extraction.ts(291,53): error TS2339: Property 'textContent' does not exist on type '\{\}'.\
7.435 src/scripts/test-column-extraction.ts(292,101): error TS2339: Property 'textContent' does not exist on type '\{\}'.\
7.435 src/scripts/test-column-extraction.ts(293,49): error TS2339: Property 'textContent' does not exist on type '\{\}'.\
7.435 src/scripts/test-column-extraction.ts(294,111): error TS2339: Property 'textContent' does not exist on type '\{\}'.\
7.435 src/scripts/test-column-extraction.ts(295,89): error TS2339: Property 'textContent' does not exist on type '\{\}'.\
7.435 src/scripts/test-column-extraction.ts(296,98): error TS2339: Property 'textContent' does not exist on type '\{\}'.\
7.435 src/scripts/test-column-extraction.ts(298,101): error TS2339: Property 'textContent' does not exist on type '\{\}'.\
7.435 src/scripts/test-column-extraction.ts(299,104): error TS2339: Property 'textContent' does not exist on type '\{\}'.\
7.435 src/scripts/test-column-extraction.ts(300,99): error TS2339: Property 'textContent' does not exist on type '\{\}'.\
7.435 src/scripts/test-column-extraction.ts(392,52): error TS2345: Argument of type 'Page | null' is not assignable to parameter of type 'Page'.\
7.435   Type 'null' is not assignable to type 'Page'.\
7.435 src/scripts/test-column-extraction.ts(395,44): error TS2345: Argument of type 'Page | null' is not assignable to parameter of type 'Page'.\
7.435   Type 'null' is not assignable to type 'Page'.\
7.435 src/scripts/test-ddt-extraction-fixed.ts(35,19): error TS2584: Cannot find name 'document'. Do you need to change your target library? Try changing the 'lib' compiler option to include 'dom'.\
7.435 src/scripts/test-ddt-extraction-fixed.ts(49,32): error TS18046: 'row' is of type 'unknown'.\
7.435 src/scripts/test-ddt-extraction-fixed.ts(53,39): error TS2339: Property 'textContent' does not exist on type '\{\}'.\
7.435 src/scripts/test-ddt-extraction-fixed.ts(58,31): error TS2339: Property 'textContent' does not exist on type '\{\}'.\
7.435 src/scripts/test-ddt-extraction-fixed.ts(59,35): error TS2339: Property 'textContent' does not exist on type '\{\}'.\
7.435 src/scripts/test-ddt-extraction-fixed.ts(60,41): error TS2339: Property 'textContent' does not exist on type '\{\}'.\
7.435 src/scripts/test-ddt-extraction-fixed.ts(61,33): error TS2339: Property 'textContent' does not exist on type '\{\}'.\
7.435 src/scripts/test-ddt-extraction-fixed.ts(62,42): error TS2339: Property 'textContent' does not exist on type '\{\}'.\
7.435 src/scripts/test-ddt-extraction-fixed.ts(63,36): error TS2339: Property 'textContent' does not exist on type '\{\}'.\
7.435 src/scripts/test-ddt-extraction-fixed.ts(64,39): error TS2339: Property 'textContent' does not exist on type '\{\}'.\
7.435 src/scripts/test-ddt-extraction-fixed.ts(66,41): error TS2339: Property 'textContent' does not exist on type '\{\}'.\
7.435 src/scripts/test-ddt-extraction-fixed.ts(107,44): error TS2345: Argument of type 'Page | null' is not assignable to parameter of type 'Page'.\
7.435   Type 'null' is not assignable to type 'Page'.\
7.435 src/scripts/test-final-ddt-11-columns.ts(19,11): error TS18047: 'bot.page' is possibly 'null'.\
7.435 src/scripts/test-final-ddt-11-columns.ts(26,26): error TS18047: 'bot.page' is possibly 'null'.\
7.435 src/scripts/test-final-ddt-11-columns.ts(27,21): error TS2584: Cannot find name 'document'. Do you need to change your target library? Try changing the 'lib' compiler option to include 'dom'.\
7.435 src/scripts/test-final-ddt-11-columns.ts(41,34): error TS18046: 'row' is of type 'unknown'.\
7.435 src/scripts/test-final-ddt-11-columns.ts(44,33): error TS2339: Property 'textContent' does not exist on type '\{\}'.\
7.435 src/scripts/test-final-ddt-11-columns.ts(45,37): error TS2339: Property 'textContent' does not exist on type '\{\}'.\
7.435 src/scripts/test-final-ddt-11-columns.ts(46,43): error TS2339: Property 'textContent' does not exist on type '\{\}'.\
7.435 src/scripts/test-final-ddt-11-columns.ts(47,35): error TS2339: Property 'textContent' does not exist on type '\{\}'.\
7.435 src/scripts/test-final-ddt-11-columns.ts(48,44): error TS2339: Property 'textContent' does not exist on type '\{\}'.\
7.435 src/scripts/test-final-ddt-11-columns.ts(49,38): error TS2339: Property 'textContent' does not exist on type '\{\}'.\
7.435 src/scripts/test-final-ddt-11-columns.ts(50,41): error TS2339: Property 'textContent' does not exist on type '\{\}'.\
7.435 src/scripts/test-final-ddt-11-columns.ts(51,42): error TS2339: Property 'textContent' does not exist on type '\{\}'.\
7.435 src/scripts/test-final-ddt-11-columns.ts(52,41): error TS2339: Property 'textContent' does not exist on type '\{\}'.\
7.435 src/scripts/test-final-ddt-11-columns.ts(53,41): error TS2339: Property 'textContent' does not exist on type '\{\}'.\
7.435 src/scripts/test-final-ddt-11-columns.ts(54,43): error TS2339: Property 'textContent' does not exist on type '\{\}'.\
7.435 src/scripts/test-final-match-by-ordernumber.ts(24,11): error TS18047: 'bot.page' is possibly 'null'.\
7.435 src/scripts/test-final-match-by-ordernumber.ts(32,11): error TS18047: 'bot.page' is possibly 'null'.\
7.435 src/scripts/test-final-match-by-ordernumber.ts(33,34): error TS2584: Cannot find name 'document'. Do you need to change your target library? Try changing the 'lib' compiler option to include 'dom'.\
7.435 src/scripts/test-final-match-by-ordernumber.ts(35,9): error TS18046: 'h' is of type 'unknown'.\
7.435 src/scripts/test-final-match-by-ordernumber.ts(38,50): error TS2339: Property 'querySelector' does not exist on type '\{\}'.\
7.435 src/scripts/test-final-match-by-ordernumber.ts(40,29): error TS2304: Cannot find name 'HTMLElement'.\
7.435 src/scripts/test-final-match-by-ordernumber.ts(48,11): error TS18047: 'bot.page' is possibly 'null'.\
7.435 src/scripts/test-final-match-by-ordernumber.ts(49,34): error TS2584: Cannot find name 'document'. Do you need to change your target library? Try changing the 'lib' compiler option to include 'dom'.\
7.435 src/scripts/test-final-match-by-ordernumber.ts(51,9): error TS18046: 'h' is of type 'unknown'.\
7.435 src/scripts/test-final-match-by-ordernumber.ts(54,50): error TS2339: Property 'querySelector' does not exist on type '\{\}'.\
7.435 src/scripts/test-final-match-by-ordernumber.ts(56,29): error TS2304: Cannot find name 'HTMLElement'.\
7.435 src/scripts/test-final-match-by-ordernumber.ts(63,29): error TS18047: 'bot.page' is possibly 'null'.\
7.435 src/scripts/test-final-match-by-ordernumber.ts(64,21): error TS2584: Cannot find name 'document'. Do you need to change your target library? Try changing the 'lib' compiler option to include 'dom'.\
7.435 src/scripts/test-final-match-by-ordernumber.ts(71,34): error TS2571: Object is of type 'unknown'.\
7.435 src/scripts/test-final-match-by-ordernumber.ts(72,39): error TS2339: Property 'textContent' does not exist on type '\{\}'.\
7.435 src/scripts/test-final-match-by-ordernumber.ts(76,27): error TS2339: Property 'textContent' does not exist on type '\{\}'.\
7.435 src/scripts/test-final-match-by-ordernumber.ts(78,37): error TS2339: Property 'textContent' does not exist on type '\{\}'.\
7.435 src/scripts/test-final-match-by-ordernumber.ts(102,11): error TS18047: 'bot.page' is possibly 'null'.\
7.435 src/scripts/test-final-match-by-ordernumber.ts(110,11): error TS18047: 'bot.page' is possibly 'null'.\
7.435 src/scripts/test-final-match-by-ordernumber.ts(111,34): error TS2584: Cannot find name 'document'. Do you need to change your target library? Try changing the 'lib' compiler option to include 'dom'.\
7.435 src/scripts/test-final-match-by-ordernumber.ts(113,9): error TS18046: 'h' is of type 'unknown'.\
7.435 src/scripts/test-final-match-by-ordernumber.ts(116,50): error TS2339: Property 'querySelector' does not exist on type '\{\}'.\
7.435 src/scripts/test-final-match-by-ordernumber.ts(118,29): error TS2304: Cannot find name 'HTMLElement'.\
7.435 src/scripts/test-final-match-by-ordernumber.ts(126,11): error TS18047: 'bot.page' is possibly 'null'.\
7.435 src/scripts/test-final-match-by-ordernumber.ts(127,34): error TS2584: Cannot find name 'document'. Do you need to change your target library? Try changing the 'lib' compiler option to include 'dom'.\
7.435 src/scripts/test-final-match-by-ordernumber.ts(129,9): error TS18046: 'h' is of type 'unknown'.\
7.435 src/scripts/test-final-match-by-ordernumber.ts(132,50): error TS2339: Property 'querySelector' does not exist on type '\{\}'.\
7.435 src/scripts/test-final-match-by-ordernumber.ts(134,29): error TS2304: Cannot find name 'HTMLElement'.\
7.435 src/scripts/test-final-match-by-ordernumber.ts(141,27): error TS18047: 'bot.page' is possibly 'null'.\
7.435 src/scripts/test-final-match-by-ordernumber.ts(142,21): error TS2584: Cannot find name 'document'. Do you need to change your target library? Try changing the 'lib' compiler option to include 'dom'.\
7.435 src/scripts/test-final-match-by-ordernumber.ts(149,34): error TS2571: Object is of type 'unknown'.\
7.435 src/scripts/test-final-match-by-ordernumber.ts(153,44): error TS2339: Property 'querySelector' does not exist on type '\{\}'.\
7.435 src/scripts/test-final-match-by-ordernumber.ts(155,80): error TS2339: Property 'textContent' does not exist on type '\{\}'.\
7.435 src/scripts/test-final-match-by-ordernumber.ts(158,28): error TS2339: Property 'textContent' does not exist on type '\{\}'.\
7.435 src/scripts/test-final-match-by-ordernumber.ts(159,32): error TS2339: Property 'textContent' does not exist on type '\{\}'.\
7.435 src/scripts/test-final-match-by-ordernumber.ts(160,35): error TS2339: Property 'textContent' does not exist on type '\{\}'.\
7.436 src/scripts/test-final-match-by-ordernumber.ts(161,30): error TS2339: Property 'textContent' does not exist on type '\{\}'.\
7.436 src/scripts/test-id-match-50-rows.ts(24,11): error TS18047: 'bot.page' is possibly 'null'.\
7.436 src/scripts/test-id-match-50-rows.ts(31,29): error TS18047: 'bot.page' is possibly 'null'.\
7.436 src/scripts/test-id-match-50-rows.ts(32,21): error TS2584: Cannot find name 'document'. Do you need to change your target library? Try changing the 'lib' compiler option to include 'dom'.\
7.436 src/scripts/test-id-match-50-rows.ts(41,34): error TS2571: Object is of type 'unknown'.\
7.436 src/scripts/test-id-match-50-rows.ts(43,30): error TS2339: Property 'textContent' does not exist on type '\{\}'.\
7.436 src/scripts/test-id-match-50-rows.ts(44,39): error TS2339: Property 'textContent' does not exist on type '\{\}'.\
7.436 src/scripts/test-id-match-50-rows.ts(70,11): error TS18047: 'bot.page' is possibly 'null'.\
7.436 src/scripts/test-id-match-50-rows.ts(77,27): error TS18047: 'bot.page' is possibly 'null'.\
7.436 src/scripts/test-id-match-50-rows.ts(78,21): error TS2584: Cannot find name 'document'. Do you need to change your target library? Try changing the 'lib' compiler option to include 'dom'.\
7.436 src/scripts/test-id-match-50-rows.ts(87,34): error TS2571: Object is of type 'unknown'.\
7.436 src/scripts/test-id-match-50-rows.ts(89,33): error TS2339: Property 'textContent' does not exist on type '\{\}'.\
7.436 src/scripts/test-id-match-50-rows.ts(90,37): error TS2339: Property 'textContent' does not exist on type '\{\}'.\
7.436 src/scripts/test-id-match-50-rows.ts(91,35): error TS2339: Property 'textContent' does not exist on type '\{\}'.\
7.436 src/scripts/test-match-key-and-tracking-link.ts(24,11): error TS18047: 'bot.page' is possibly 'null'.\
7.436 src/scripts/test-match-key-and-tracking-link.ts(31,28): error TS18047: 'bot.page' is possibly 'null'.\
7.436 src/scripts/test-match-key-and-tracking-link.ts(32,21): error TS2584: Cannot find name 'document'. Do you need to change your target library? Try changing the 'lib' compiler option to include 'dom'.\
7.436 src/scripts/test-match-key-and-tracking-link.ts(39,34): error TS2571: Object is of type 'unknown'.\
7.437 src/scripts/test-match-key-and-tracking-link.ts(41,25): error TS2339: Property 'textContent' does not exist on type '\{\}'.\
7.437 src/scripts/test-match-key-and-tracking-link.ts(42,34): error TS2339: Property 'textContent' does not exist on type '\{\}'.\
7.437 src/scripts/test-match-key-and-tracking-link.ts(64,11): error TS18047: 'bot.page' is possibly 'null'.\
7.437 src/scripts/test-match-key-and-tracking-link.ts(71,27): error TS18047: 'bot.page' is possibly 'null'.\
7.437 src/scripts/test-match-key-and-tracking-link.ts(72,21): error TS2584: Cannot find name 'document'. Do you need to change your target library? Try changing the 'lib' compiler option to include 'dom'.\
7.437 src/scripts/test-match-key-and-tracking-link.ts(79,34): error TS2571: Object is of type 'unknown'.\
7.437 src/scripts/test-match-key-and-tracking-link.ts(82,33): error TS2339: Property 'textContent' does not exist on type '\{\}'.\
7.437 src/scripts/test-match-key-and-tracking-link.ts(83,37): error TS2339: Property 'textContent' does not exist on type '\{\}'.\
7.437 src/scripts/test-match-key-and-tracking-link.ts(87,44): error TS2339: Property 'querySelector' does not exist on type '\{\}'.\
7.437 src/scripts/test-match-key-and-tracking-link.ts(99,42): error TS2339: Property 'textContent' does not exist on type '\{\}'.\
7.438 src/scripts/test-multi-user.ts(56,16): error TS2339: Property 'closeUserContext' does not exist on type 'BrowserPool'.\
7.438 src/scripts/test-sort-and-page1.ts(24,11): error TS18047: 'bot.page' is possibly 'null'.\
7.438 src/scripts/test-sort-and-page1.ts(34,35): error TS18047: 'bot.page' is possibly 'null'.\
7.438 src/scripts/test-sort-and-page1.ts(36,34): error TS2584: Cannot find name 'document'. Do you need to change your target library? Try changing the 'lib' compiler option to include 'dom'.\
7.438 src/scripts/test-sort-and-page1.ts(41,31): error TS2304: Cannot find name 'Element'.\
7.439 src/scripts/test-sort-and-page1.ts(43,22): error TS18046: 'header' is of type 'unknown'.\
7.439 src/scripts/test-sort-and-page1.ts(57,27): error TS2304: Cannot find name 'HTMLElement'.\
7.439 src/scripts/test-sort-and-page1.ts(72,13): error TS18047: 'bot.page' is possibly 'null'.\
7.439 src/scripts/test-sort-and-page1.ts(73,36): error TS2584: Cannot find name 'document'. Do you need to change your target library? Try changing the 'lib' compiler option to include 'dom'.\
7.439 src/scripts/test-sort-and-page1.ts(75,11): error TS18046: 'h' is of type 'unknown'.\
7.439 src/scripts/test-sort-and-page1.ts(78,52): error TS2339: Property 'querySelector' does not exist on type '\{\}'.\
7.439 src/scripts/test-sort-and-page1.ts(80,31): error TS2304: Cannot find name 'HTMLElement'.\
7.439 src/scripts/test-sort-and-page1.ts(93,35): error TS18047: 'bot.page' is possibly 'null'.\
7.439 src/scripts/test-sort-and-page1.ts(95,38): error TS2584: Cannot find name 'document'. Do you need to change your target library? Try changing the 'lib' compiler option to include 'dom'.\
7.439 src/scripts/test-sort-and-page1.ts(97,24): error TS2304: Cannot find name 'Element'.\
7.440 src/scripts/test-sort-and-page1.ts(99,22): error TS18046: 'btn' is of type 'unknown'.\
7.440 src/scripts/test-sort-and-page1.ts(106,25): error TS2304: Cannot find name 'HTMLElement'.\
7.440 src/scripts/test-sort-and-page1.ts(118,29): error TS18047: 'bot.page' is possibly 'null'.\
7.440 src/scripts/test-sort-and-page1.ts(119,21): error TS2584: Cannot find name 'document'. Do you need to change your target library? Try changing the 'lib' compiler option to include 'dom'.\
7.440 src/scripts/test-sort-and-page1.ts(126,34): error TS2571: Object is of type 'unknown'.\
7.440 src/scripts/test-sort-and-page1.ts(128,25): error TS2339: Property 'textContent' does not exist on type '\{\}'.\
7.440 src/scripts/test-sort-and-page1.ts(129,34): error TS2339: Property 'textContent' does not exist on type '\{\}'.\
7.440 src/scripts/test-sort-and-page1.ts(130,35): error TS2339: Property 'textContent' does not exist on type '\{\}'.\
7.440 src/scripts/test-sort-and-page1.ts(151,11): error TS18047: 'bot.page' is possibly 'null'.\
7.440 src/scripts/test-sort-and-page1.ts(161,33): error TS18047: 'bot.page' is possibly 'null'.\
7.440 src/scripts/test-sort-and-page1.ts(162,34): error TS2584: Cannot find name 'document'. Do you need to change your target library? Try changing the 'lib' compiler option to include 'dom'.\
7.440 src/scripts/test-sort-and-page1.ts(166,31): error TS2304: Cannot find name 'Element'.\
7.440 src/scripts/test-sort-and-page1.ts(168,22): error TS18046: 'header' is of type 'unknown'.\
7.440 src/scripts/test-sort-and-page1.ts(181,27): error TS2304: Cannot find name 'HTMLElement'.\
7.440 src/scripts/test-sort-and-page1.ts(196,13): error TS18047: 'bot.page' is possibly 'null'.\
7.440 src/scripts/test-sort-and-page1.ts(197,36): error TS2584: Cannot find name 'document'. Do you need to change your target library? Try changing the 'lib' compiler option to include 'dom'.\
7.440 src/scripts/test-sort-and-page1.ts(199,11): error TS18046: 'h' is of type 'unknown'.\
7.440 src/scripts/test-sort-and-page1.ts(202,52): error TS2339: Property 'querySelector' does not exist on type '\{\}'.\
7.440 src/scripts/test-sort-and-page1.ts(204,31): error TS2304: Cannot find name 'HTMLElement'.\
7.440 src/scripts/test-sort-and-page1.ts(217,33): error TS18047: 'bot.page' is possibly 'null'.\
7.440 src/scripts/test-sort-and-page1.ts(218,38): error TS2584: Cannot find name 'document'. Do you need to change your target library? Try changing the 'lib' compiler option to include 'dom'.\
7.440 src/scripts/test-sort-and-page1.ts(220,24): error TS2304: Cannot find name 'Element'.\
7.440 src/scripts/test-sort-and-page1.ts(222,22): error TS18046: 'btn' is of type 'unknown'.\
7.440 src/scripts/test-sort-and-page1.ts(229,25): error TS2304: Cannot find name 'HTMLElement'.\
7.440 src/scripts/test-sort-and-page1.ts(241,27): error TS18047: 'bot.page' is possibly 'null'.\
7.440 src/scripts/test-sort-and-page1.ts(242,21): error TS2584: Cannot find name 'document'. Do you need to change your target library? Try changing the 'lib' compiler option to include 'dom'.\
7.440 src/scripts/test-sort-and-page1.ts(249,34): error TS2571: Object is of type 'unknown'.\
7.440 src/scripts/test-sort-and-page1.ts(251,28): error TS2339: Property 'textContent' does not exist on type '\{\}'.\
7.440 src/scripts/test-sort-and-page1.ts(252,32): error TS2339: Property 'textContent' does not exist on type '\{\}'.\
7.440 src/scripts/test-sort-and-page1.ts(253,35): error TS2339: Property 'textContent' does not exist on type '\{\}'.\
7.440 src/scripts/test-sort-and-page1.ts(254,30): error TS2339: Property 'textContent' does not exist on type '\{\}'.\
7.440 src/scripts/update-user-name.ts(20,12): error TS2341: Property 'db' is private and only accessible within class 'UserDatabase'.\
7.440 src/send-to-milano-service.ts(143,21): error TS2584: Cannot find name 'document'. Do you need to change your target library? Try changing the 'lib' compiler option to include 'dom'.\
7.440 src/send-to-milano-service.ts(153,34): error TS18046: 'row' is of type 'unknown'.\
7.440 src/send-to-milano-service.ts(154,49): error TS18046: 'cell' is of type 'unknown'.\
7.440 src/send-to-milano-service.ts(158,28): error TS18046: 'row' is of type 'unknown'.\
7.440 src/send-to-milano-service.ts(160,26): error TS2304: Cannot find name 'HTMLElement'.\
7.440 src/send-to-milano-service.ts(215,31): error TS2584: Cannot find name 'document'. Do you need to change your target library? Try changing the 'lib' compiler option to include 'dom'.\
7.440 src/send-to-milano-service.ts(220,24): error TS18046: 'el' is of type 'unknown'.\
7.440 src/send-to-milano-service.ts(227,29): error TS2584: Cannot find name 'document'. Do you need to change your target library? Try changing the 'lib' compiler option to include 'dom'.\
7.440 src/send-to-milano-service.ts(232,24): error TS18046: 'el' is of type 'unknown'.\
7.440 src/session-cleanup-job.ts(58,24): error TS2339: Property 'closeUserContext' does not exist on type 'BrowserPool'.\
7.440 src/test-legacy-bot.ts(20,21): error TS2554: Expected 0 arguments, but got 2.\
------\
[+] build 0/2\
 \cf6 \uc0\u10265 \cf3  Image archibald-app-backend  Building                                  \cf4 36.5s \cf3 \
 \cf6 \uc0\u10265 \cf3  Image archibald-app-frontend Building                                  \cf4 36.5s \cf3 \
Dockerfile:13\
\
--------------------\
\
  11 |     COPY src ./src\
\
  12 |     RUN npm ci\
\
  13 | >>> RUN npm run build\
\
  14 |     \
\
  15 |     # Stage 3: Production runtime with Chromium\
\
--------------------\
\
target backend: failed to solve: process "/bin/sh -c npm run build" did not complete successfully: exit code: 2\
\

\f0\b \cf2 deploy@Archibald-blackant
\f1\b0 \cf3 :
\f0\b \cf4 ~/archibald-app
\f1\b0 \cf3 $ \
}